# JRE version: OpenJDK Runtime Environment (8.0_212) (build 1.8.0_212-release-1586-b4-5784211)
# Java VM: OpenJDK 64-Bit Server VM (25.212-b4-5784211 mixed mode linux-amd64 compressed oops)
Heap:
 PSYoungGen      total 349696K, used 16398K [0x00000000e0000000, 0x0000000100000000, 0x0000000100000000)
  eden space 175104K, 0% used [0x00000000e0000000,0x00000000e0000000,0x00000000eab00000)
  from space 174592K, 9% used [0x00000000f5580000,0x00000000f65839a0,0x0000000100000000)
  to   space 174592K, 0% used [0x00000000eab00000,0x00000000eab00000,0x00000000f5580000)
 ParOldGen       total 403968K, used 403895K [0x00000000a0000000, 0x00000000b8a80000, 0x00000000e0000000)
  object space 403968K, 99% used [0x00000000a0000000,0x00000000b8a6dc48,0x00000000b8a80000)
 Metaspace       used 111328K, capacity 116704K, committed 117080K, reserved 1150976K
  class space    used 14223K, capacity 15184K, committed 15232K, reserved 1048576K
GC Heap History (10 events):
Event: 174.786 GC heap after
Heap after GC invocations=76 (full 8):
 PSYoungGen      total 349696K, used 148773K [0x00000000e0000000, 0x0000000100000000, 0x0000000100000000)
  eden space 175104K, 0% used [0x00000000e0000000,0x00000000e0000000,0x00000000eab00000)
  from space 174592K, 85% used [0x00000000f5580000,0x00000000fe6c96b0,0x0000000100000000)
  to   space 174592K, 0% used [0x00000000eab00000,0x00000000eab00000,0x00000000f5580000)
 ParOldGen       total 403968K, used 225358K [0x00000000a0000000, 0x00000000b8a80000, 0x00000000e0000000)
  object space 403968K, 55% used [0x00000000a0000000,0x00000000adc13a38,0x00000000b8a80000)
 Metaspace       used 111325K, capacity 116704K, committed 117080K, reserved 1150976K
  class space    used 14221K, capacity 15184K, committed 15232K, reserved 1048576K
}
Event: 175.224 GC heap before
{Heap before GC invocations=77 (full 8):
 PSYoungGen      total 349696K, used 323877K [0x00000000e0000000, 0x0000000100000000, 0x0000000100000000)
  eden space 175104K, 100% used [0x00000000e0000000,0x00000000eab00000,0x00000000eab00000)
  from space 174592K, 85% used [0x00000000f5580000,0x00000000fe6c96b0,0x0000000100000000)
  to   space 174592K, 0% used [0x00000000eab00000,0x00000000eab00000,0x00000000f5580000)
 ParOldGen       total 403968K, used 225358K [0x00000000a0000000, 0x00000000b8a80000, 0x00000000e0000000)
  object space 403968K, 55% used [0x00000000a0000000,0x00000000adc13a38,0x00000000b8a80000)
 Metaspace       used 111325K, capacity 116704K, committed 117080K, reserved 1150976K
  class space    used 14221K, capacity 15184K, committed 15232K, reserved 1048576K
Event: 175.409 GC heap after
Heap after GC invocations=77 (full 8):
 PSYoungGen      total 349696K, used 149873K [0x00000000e0000000, 0x0000000100000000, 0x0000000100000000)
  eden space 175104K, 0% used [0x00000000e0000000,0x00000000e0000000,0x00000000eab00000)
  from space 174592K, 85% used [0x00000000eab00000,0x00000000f3d5c568,0x00000000f5580000)
  to   space 174592K, 0% used [0x00000000f5580000,0x00000000f5580000,0x0000000100000000)
 ParOldGen       total 403968K, used 225358K [0x00000000a0000000, 0x00000000b8a80000, 0x00000000e0000000)
  object space 403968K, 55% used [0x00000000a0000000,0x00000000adc13a38,0x00000000b8a80000)
 Metaspace       used 111325K, capacity 116704K, committed 117080K, reserved 1150976K
  class space    used 14221K, capacity 15184K, committed 15232K, reserved 1048576K
}
Event: 176.549 GC heap before
{Heap before GC invocations=78 (full 8):
 PSYoungGen      total 349696K, used 324977K [0x00000000e0000000, 0x0000000100000000, 0x0000000100000000)
  eden space 175104K, 100% used [0x00000000e0000000,0x00000000eab00000,0x00000000eab00000)
  from space 174592K, 85% used [0x00000000eab00000,0x00000000f3d5c568,0x00000000f5580000)
  to   space 174592K, 0% used [0x00000000f5580000,0x00000000f5580000,0x0000000100000000)
 ParOldGen       total 403968K, used 225358K [0x00000000a0000000, 0x00000000b8a80000, 0x00000000e0000000)
  object space 403968K, 55% used [0x00000000a0000000,0x00000000adc13a38,0x00000000b8a80000)
 Metaspace       used 111325K, capacity 116704K, committed 117080K, reserved 1150976K
  class space    used 14221K, capacity 15184K, committed 15232K, reserved 1048576K
Event: 176.702 GC heap after
Heap after GC invocations=78 (full 8):
 PSYoungGen      total 349696K, used 168909K [0x00000000e0000000, 0x0000000100000000, 0x0000000100000000)
  eden space 175104K, 0% used [0x00000000e0000000,0x00000000e0000000,0x00000000eab00000)
  from space 174592K, 96% used [0x00000000f5580000,0x00000000ffa73588,0x0000000100000000)
  to   space 174592K, 0% used [0x00000000eab00000,0x00000000eab00000,0x00000000f5580000)
 ParOldGen       total 403968K, used 225358K [0x00000000a0000000, 0x00000000b8a80000, 0x00000000e0000000)
  object space 403968K, 55% used [0x00000000a0000000,0x00000000adc13a38,0x00000000b8a80000)
 Metaspace       used 111325K, capacity 116704K, committed 117080K, reserved 1150976K
  class space    used 14221K, capacity 15184K, committed 15232K, reserved 1048576K
}
Event: 177.670 GC heap before
{Heap before GC invocations=79 (full 8):
 PSYoungGen      total 349696K, used 344013K [0x00000000e0000000, 0x0000000100000000, 0x0000000100000000)
  eden space 175104K, 100% used [0x00000000e0000000,0x00000000eab00000,0x00000000eab00000)
  from space 174592K, 96% used [0x00000000f5580000,0x00000000ffa73588,0x0000000100000000)
  to   space 174592K, 0% used [0x00000000eab00000,0x00000000eab00000,0x00000000f5580000)
 ParOldGen       total 403968K, used 225358K [0x00000000a0000000, 0x00000000b8a80000, 0x00000000e0000000)
  object space 403968K, 55% used [0x00000000a0000000,0x00000000adc13a38,0x00000000b8a80000)
 Metaspace       used 111327K, capacity 116704K, committed 117080K, reserved 1150976K
  class space    used 14222K, capacity 15184K, committed 15232K, reserved 1048576K
Event: 177.883 GC heap after
Heap after GC invocations=79 (full 8):
 PSYoungGen      total 349696K, used 163972K [0x00000000e0000000, 0x0000000100000000, 0x0000000100000000)
  eden space 175104K, 0% used [0x00000000e0000000,0x00000000e0000000,0x00000000eab00000)
  from space 174592K, 93% used [0x00000000eab00000,0x00000000f4b21240,0x00000000f5580000)
  to   space 174592K, 0% used [0x00000000f5580000,0x00000000f5580000,0x0000000100000000)
 ParOldGen       total 403968K, used 262202K [0x00000000a0000000, 0x00000000b8a80000, 0x00000000e0000000)
  object space 403968K, 64% used [0x00000000a0000000,0x00000000b000eb98,0x00000000b8a80000)
 Metaspace       used 111327K, capacity 116704K, committed 117080K, reserved 1150976K
  class space    used 14222K, capacity 15184K, committed 15232K, reserved 1048576K
}
Event: 178.595 GC heap before
{Heap before GC invocations=80 (full 8):
 PSYoungGen      total 349696K, used 339076K [0x00000000e0000000, 0x0000000100000000, 0x0000000100000000)
  eden space 175104K, 100% used [0x00000000e0000000,0x00000000eab00000,0x00000000eab00000)
  from space 174592K, 93% used [0x00000000eab00000,0x00000000f4b21240,0x00000000f5580000)
  to   space 174592K, 0% used [0x00000000f5580000,0x00000000f5580000,0x0000000100000000)
 ParOldGen       total 403968K, used 262202K [0x00000000a0000000, 0x00000000b8a80000, 0x00000000e0000000)
  object space 403968K, 64% used [0x00000000a0000000,0x00000000b000eb98,0x00000000b8a80000)
 Metaspace       used 111328K, capacity 116704K, committed 117080K, reserved 1150976K
  class space    used 14223K, capacity 15184K, committed 15232K, reserved 1048576K
Event: 178.802 GC heap after
Heap after GC invocations=80 (full 8):
 PSYoungGen      total 349696K, used 123025K [0x00000000e0000000, 0x0000000100000000, 0x0000000100000000)
  eden space 175104K, 0% used [0x00000000e0000000,0x00000000e0000000,0x00000000eab00000)
  from space 174592K, 70% used [0x00000000f5580000,0x00000000fcda4668,0x0000000100000000)
  to   space 174592K, 0% used [0x00000000eab00000,0x00000000eab00000,0x00000000f5580000)
 ParOldGen       total 403968K, used 336252K [0x00000000a0000000, 0x00000000b8a80000, 0x00000000e0000000)
  object space 403968K, 83% used [0x00000000a0000000,0x00000000b485f0c0,0x00000000b8a80000)
 Metaspace       used 111328K, capacity 116704K, committed 117080K, reserved 1150976K
  class space    used 14223K, capacity 15184K, committed 15232K, reserved 1048576K
}
Event: 178.802 GC heap before
{Heap before GC invocations=81 (full 9):
 PSYoungGen      total 349696K, used 123025K [0x00000000e0000000, 0x0000000100000000, 0x0000000100000000)
  eden space 175104K, 0% used [0x00000000e0000000,0x00000000e0000000,0x00000000eab00000)
  from space 174592K, 70% used [0x00000000f5580000,0x00000000fcda4668,0x0000000100000000)
  to   space 174592K, 0% used [0x00000000eab00000,0x00000000eab00000,0x00000000f5580000)
 ParOldGen       total 403968K, used 336252K [0x00000000a0000000, 0x00000000b8a80000, 0x00000000e0000000)
  object space 403968K, 83% used [0x00000000a0000000,0x00000000b485f0c0,0x00000000b8a80000)
 Metaspace       used 111328K, capacity 116704K, committed 117080K, reserved 1150976K
  class space    used 14223K, capacity 15184K, committed 15232K, reserved 1048576K

