# JRE version: OpenJDK Runtime Environment (8.0_212) (build 1.8.0_212-release-1586-b4-5784211)
# Java VM: OpenJDK 64-Bit Server VM (25.212-b4-5784211 mixed mode linux-amd64 compressed oops)
Heap:
 PSYoungGen      total 349696K, used 0K [0x00000000e0000000, 0x0000000100000000, 0x0000000100000000)
  eden space 175104K, 0% used [0x00000000e0000000,0x00000000e0000000,0x00000000eab00000)
  from space 174592K, 0% used [0x00000000f5580000,0x00000000f5580000,0x0000000100000000)
  to   space 174592K, 0% used [0x00000000eab00000,0x00000000eab00000,0x00000000f5580000)
 ParOldGen       total 391168K, used 375059K [0x00000000a0000000, 0x00000000b7e00000, 0x00000000e0000000)
  object space 391168K, 95% used [0x00000000a0000000,0x00000000b6e44dc0,0x00000000b7e00000)
 Metaspace       used 132975K, capacity 142224K, committed 189952K, reserved 1210368K
  class space    used 16415K, capacity 17985K, committed 28416K, reserved 1048576K
GC Heap History (10 events):
Event: 10795.025 GC heap after
Heap after GC invocations=163 (full 13):
 PSYoungGen      total 349696K, used 174570K [0x00000000e0000000, 0x0000000100000000, 0x0000000100000000)
  eden space 175104K, 0% used [0x00000000e0000000,0x00000000e0000000,0x00000000eab00000)
  from space 174592K, 99% used [0x00000000f5580000,0x00000000ffffaaf0,0x0000000100000000)
  to   space 174592K, 0% used [0x00000000eab00000,0x00000000eab00000,0x00000000f5580000)
 ParOldGen       total 391168K, used 262926K [0x00000000a0000000, 0x00000000b7e00000, 0x00000000e0000000)
  object space 391168K, 67% used [0x00000000a0000000,0x00000000b00c3a58,0x00000000b7e00000)
 Metaspace       used 132973K, capacity 142224K, committed 189952K, reserved 1210368K
  class space    used 16414K, capacity 17985K, committed 28416K, reserved 1048576K
}
Event: 10795.323 GC heap before
{Heap before GC invocations=164 (full 13):
 PSYoungGen      total 349696K, used 349674K [0x00000000e0000000, 0x0000000100000000, 0x0000000100000000)
  eden space 175104K, 100% used [0x00000000e0000000,0x00000000eab00000,0x00000000eab00000)
  from space 174592K, 99% used [0x00000000f5580000,0x00000000ffffaaf0,0x0000000100000000)
  to   space 174592K, 0% used [0x00000000eab00000,0x00000000eab00000,0x00000000f5580000)
 ParOldGen       total 391168K, used 262926K [0x00000000a0000000, 0x00000000b7e00000, 0x00000000e0000000)
  object space 391168K, 67% used [0x00000000a0000000,0x00000000b00c3a58,0x00000000b7e00000)
 Metaspace       used 132973K, capacity 142224K, committed 189952K, reserved 1210368K
  class space    used 16414K, capacity 17985K, committed 28416K, reserved 1048576K
Event: 10795.735 GC heap after
Heap after GC invocations=164 (full 13):
 PSYoungGen      total 349696K, used 174579K [0x00000000e0000000, 0x0000000100000000, 0x0000000100000000)
  eden space 175104K, 0% used [0x00000000e0000000,0x00000000e0000000,0x00000000eab00000)
  from space 174592K, 99% used [0x00000000eab00000,0x00000000f557cc38,0x00000000f5580000)
  to   space 174592K, 0% used [0x00000000f5580000,0x00000000f5580000,0x0000000100000000)
 ParOldGen       total 391168K, used 301984K [0x00000000a0000000, 0x00000000b7e00000, 0x00000000e0000000)
  object space 391168K, 77% used [0x00000000a0000000,0x00000000b26e81d0,0x00000000b7e00000)
 Metaspace       used 132973K, capacity 142224K, committed 189952K, reserved 1210368K
  class space    used 16414K, capacity 17985K, committed 28416K, reserved 1048576K
}
Event: 10796.003 GC heap before
{Heap before GC invocations=165 (full 13):
 PSYoungGen      total 349696K, used 349683K [0x00000000e0000000, 0x0000000100000000, 0x0000000100000000)
  eden space 175104K, 100% used [0x00000000e0000000,0x00000000eab00000,0x00000000eab00000)
  from space 174592K, 99% used [0x00000000eab00000,0x00000000f557cc38,0x00000000f5580000)
  to   space 174592K, 0% used [0x00000000f5580000,0x00000000f5580000,0x0000000100000000)
 ParOldGen       total 391168K, used 301984K [0x00000000a0000000, 0x00000000b7e00000, 0x00000000e0000000)
  object space 391168K, 77% used [0x00000000a0000000,0x00000000b26e81d0,0x00000000b7e00000)
 Metaspace       used 132975K, capacity 142224K, committed 189952K, reserved 1210368K
  class space    used 16415K, capacity 17985K, committed 28416K, reserved 1048576K
Event: 10796.261 GC heap after
Heap after GC invocations=165 (full 13):
 PSYoungGen      total 349696K, used 174578K [0x00000000e0000000, 0x0000000100000000, 0x0000000100000000)
  eden space 175104K, 0% used [0x00000000e0000000,0x00000000e0000000,0x00000000eab00000)
  from space 174592K, 99% used [0x00000000f5580000,0x00000000ffffc9e8,0x0000000100000000)
  to   space 174592K, 0% used [0x00000000eab00000,0x00000000eab00000,0x00000000f5580000)
 ParOldGen       total 391168K, used 316675K [0x00000000a0000000, 0x00000000b7e00000, 0x00000000e0000000)
  object space 391168K, 80% used [0x00000000a0000000,0x00000000b3540fc0,0x00000000b7e00000)
 Metaspace       used 132975K, capacity 142224K, committed 189952K, reserved 1210368K
  class space    used 16415K, capacity 17985K, committed 28416K, reserved 1048576K
}
Event: 10796.760 GC heap before
{Heap before GC invocations=166 (full 13):
 PSYoungGen      total 349696K, used 349682K [0x00000000e0000000, 0x0000000100000000, 0x0000000100000000)
  eden space 175104K, 100% used [0x00000000e0000000,0x00000000eab00000,0x00000000eab00000)
  from space 174592K, 99% used [0x00000000f5580000,0x00000000ffffc9e8,0x0000000100000000)
  to   space 174592K, 0% used [0x00000000eab00000,0x00000000eab00000,0x00000000f5580000)
 ParOldGen       total 391168K, used 316675K [0x00000000a0000000, 0x00000000b7e00000, 0x00000000e0000000)
  object space 391168K, 80% used [0x00000000a0000000,0x00000000b3540fc0,0x00000000b7e00000)
 Metaspace       used 132975K, capacity 142224K, committed 189952K, reserved 1210368K
  class space    used 16415K, capacity 17985K, committed 28416K, reserved 1048576K
Event: 10796.981 GC heap after
Heap after GC invocations=166 (full 13):
 PSYoungGen      total 349696K, used 174585K [0x00000000e0000000, 0x0000000100000000, 0x0000000100000000)
  eden space 175104K, 0% used [0x00000000e0000000,0x00000000e0000000,0x00000000eab00000)
  from space 174592K, 99% used [0x00000000eab00000,0x00000000f557e498,0x00000000f5580000)
  to   space 174592K, 0% used [0x00000000f5580000,0x00000000f5580000,0x0000000100000000)
 ParOldGen       total 391168K, used 326748K [0x00000000a0000000, 0x00000000b7e00000, 0x00000000e0000000)
  object space 391168K, 83% used [0x00000000a0000000,0x00000000b3f17370,0x00000000b7e00000)
 Metaspace       used 132975K, capacity 142224K, committed 189952K, reserved 1210368K
  class space    used 16415K, capacity 17985K, committed 28416K, reserved 1048576K
}
Event: 10797.770 GC heap before
{Heap before GC invocations=167 (full 13):
 PSYoungGen      total 349696K, used 349689K [0x00000000e0000000, 0x0000000100000000, 0x0000000100000000)
  eden space 175104K, 100% used [0x00000000e0000000,0x00000000eab00000,0x00000000eab00000)
  from space 174592K, 99% used [0x00000000eab00000,0x00000000f557e498,0x00000000f5580000)
  to   space 174592K, 0% used [0x00000000f5580000,0x00000000f5580000,0x0000000100000000)
 ParOldGen       total 391168K, used 326748K [0x00000000a0000000, 0x00000000b7e00000, 0x00000000e0000000)
  object space 391168K, 83% used [0x00000000a0000000,0x00000000b3f17370,0x00000000b7e00000)
 Metaspace       used 132975K, capacity 142224K, committed 189952K, reserved 1210368K
  class space    used 16415K, capacity 17985K, committed 28416K, reserved 1048576K
Event: 10798.235 GC heap after
Heap after GC invocations=167 (full 13):
 PSYoungGen      total 349696K, used 152919K [0x00000000e0000000, 0x0000000100000000, 0x0000000100000000)
  eden space 175104K, 0% used [0x00000000e0000000,0x00000000e0000000,0x00000000eab00000)
  from space 174592K, 87% used [0x00000000f5580000,0x00000000fead5e10,0x0000000100000000)
  to   space 174592K, 0% used [0x00000000eab00000,0x00000000eab00000,0x00000000f5580000)
 ParOldGen       total 391168K, used 383577K [0x00000000a0000000, 0x00000000b7e00000, 0x00000000e0000000)
  object space 391168K, 98% used [0x00000000a0000000,0x00000000b7696768,0x00000000b7e00000)
 Metaspace       used 132975K, capacity 142224K, committed 189952K, reserved 1210368K
  class space    used 16415K, capacity 17985K, committed 28416K, reserved 1048576K
}
Event: 10798.235 GC heap before
{Heap before GC invocations=168 (full 14):
 PSYoungGen      total 349696K, used 152919K [0x00000000e0000000, 0x0000000100000000, 0x0000000100000000)
  eden space 175104K, 0% used [0x00000000e0000000,0x00000000e0000000,0x00000000eab00000)
  from space 174592K, 87% used [0x00000000f5580000,0x00000000fead5e10,0x0000000100000000)
  to   space 174592K, 0% used [0x00000000eab00000,0x00000000eab00000,0x00000000f5580000)
 ParOldGen       total 391168K, used 383577K [0x00000000a0000000, 0x00000000b7e00000, 0x00000000e0000000)
  object space 391168K, 98% used [0x00000000a0000000,0x00000000b7696768,0x00000000b7e00000)
 Metaspace       used 132975K, capacity 142224K, committed 189952K, reserved 1210368K
  class space    used 16415K, capacity 17985K, committed 28416K, reserved 1048576K

