# JRE version: OpenJDK Runtime Environment (8.0_212) (build 1.8.0_212-release-1586-b4-5784211)
# Java VM: OpenJDK 64-Bit Server VM (25.212-b4-5784211 mixed mode linux-amd64 compressed oops)
Heap:
 PSYoungGen      total 348160K, used 0K [0x00000000e0000000, 0x00000000fe480000, 0x0000000100000000)
  eden space 216576K, 0% used [0x00000000e0000000,0x00000000e0000000,0x00000000ed380000)
  from space 131584K, 0% used [0x00000000f6400000,0x00000000f6400000,0x00000000fe480000)
  to   space 139776K, 0% used [0x00000000ed380000,0x00000000ed380000,0x00000000f5c00000)
 ParOldGen       total 637440K, used 360408K [0x00000000a0000000, 0x00000000c6e80000, 0x00000000e0000000)
  object space 637440K, 56% used [0x00000000a0000000,0x00000000b5ff6258,0x00000000c6e80000)
 Metaspace       used 136103K, capacity 145676K, committed 145792K, reserved 1177600K
  class space    used 16892K, capacity 18528K, committed 18560K, reserved 1048576K
GC Heap History (10 events):
Event: 11964.229 GC heap after
Heap after GC invocations=697 (full 30):
 PSYoungGen      total 274432K, used 99302K [0x00000000e0000000, 0x0000000100000000, 0x0000000100000000)
  eden space 175104K, 0% used [0x00000000e0000000,0x00000000e0000000,0x00000000eab00000)
  from space 99328K, 99% used [0x00000000f9f00000,0x00000000ffff9988,0x0000000100000000)
  to   space 174592K, 0% used [0x00000000eab00000,0x00000000eab00000,0x00000000f5580000)
 ParOldGen       total 637440K, used 336620K [0x00000000a0000000, 0x00000000c6e80000, 0x00000000e0000000)
  object space 637440K, 52% used [0x00000000a0000000,0x00000000b48bb350,0x00000000c6e80000)
 Metaspace       used 136103K, capacity 145676K, committed 145792K, reserved 1177600K
  class space    used 16892K, capacity 18528K, committed 18560K, reserved 1048576K
}
Event: 11964.354 GC heap before
{Heap before GC invocations=698 (full 30):
 PSYoungGen      total 274432K, used 274406K [0x00000000e0000000, 0x0000000100000000, 0x0000000100000000)
  eden space 175104K, 100% used [0x00000000e0000000,0x00000000eab00000,0x00000000eab00000)
  from space 99328K, 99% used [0x00000000f9f00000,0x00000000ffff9988,0x0000000100000000)
  to   space 174592K, 0% used [0x00000000eab00000,0x00000000eab00000,0x00000000f5580000)
 ParOldGen       total 637440K, used 336620K [0x00000000a0000000, 0x00000000c6e80000, 0x00000000e0000000)
  object space 637440K, 52% used [0x00000000a0000000,0x00000000b48bb350,0x00000000c6e80000)
 Metaspace       used 136103K, capacity 145676K, committed 145792K, reserved 1177600K
  class space    used 16892K, capacity 18528K, committed 18560K, reserved 1048576K
Event: 11964.525 GC heap after
Heap after GC invocations=698 (full 30):
 PSYoungGen      total 349696K, used 41157K [0x00000000e0000000, 0x0000000100000000, 0x0000000100000000)
  eden space 175104K, 0% used [0x00000000e0000000,0x00000000e0000000,0x00000000eab00000)
  from space 174592K, 23% used [0x00000000eab00000,0x00000000ed331768,0x00000000f5580000)
  to   space 167424K, 0% used [0x00000000f5c80000,0x00000000f5c80000,0x0000000100000000)
 ParOldGen       total 637440K, used 433750K [0x00000000a0000000, 0x00000000c6e80000, 0x00000000e0000000)
  object space 637440K, 68% used [0x00000000a0000000,0x00000000ba795ab8,0x00000000c6e80000)
 Metaspace       used 136103K, capacity 145676K, committed 145792K, reserved 1177600K
  class space    used 16892K, capacity 18528K, committed 18560K, reserved 1048576K
}
Event: 11964.655 GC heap before
{Heap before GC invocations=699 (full 30):
 PSYoungGen      total 349696K, used 216261K [0x00000000e0000000, 0x0000000100000000, 0x0000000100000000)
  eden space 175104K, 100% used [0x00000000e0000000,0x00000000eab00000,0x00000000eab00000)
  from space 174592K, 23% used [0x00000000eab00000,0x00000000ed331768,0x00000000f5580000)
  to   space 167424K, 0% used [0x00000000f5c80000,0x00000000f5c80000,0x0000000100000000)
 ParOldGen       total 637440K, used 433750K [0x00000000a0000000, 0x00000000c6e80000, 0x00000000e0000000)
  object space 637440K, 68% used [0x00000000a0000000,0x00000000ba795ab8,0x00000000c6e80000)
 Metaspace       used 136103K, capacity 145676K, committed 145792K, reserved 1177600K
  class space    used 16892K, capacity 18528K, committed 18560K, reserved 1048576K
Event: 11964.749 GC heap after
Heap after GC invocations=699 (full 30):
 PSYoungGen      total 322048K, used 44382K [0x00000000e0000000, 0x00000000fe500000, 0x0000000100000000)
  eden space 182272K, 0% used [0x00000000e0000000,0x00000000e0000000,0x00000000eb200000)
  from space 139776K, 31% used [0x00000000f5c80000,0x00000000f87d7920,0x00000000fe500000)
  to   space 157184K, 0% used [0x00000000eb200000,0x00000000eb200000,0x00000000f4b80000)
 ParOldGen       total 637440K, used 473364K [0x00000000a0000000, 0x00000000c6e80000, 0x00000000e0000000)
  object space 637440K, 74% used [0x00000000a0000000,0x00000000bce45230,0x00000000c6e80000)
 Metaspace       used 136103K, capacity 145676K, committed 145792K, reserved 1177600K
  class space    used 16892K, capacity 18528K, committed 18560K, reserved 1048576K
}
Event: 11965.036 GC heap before
{Heap before GC invocations=700 (full 30):
 PSYoungGen      total 322048K, used 226654K [0x00000000e0000000, 0x00000000fe500000, 0x0000000100000000)
  eden space 182272K, 100% used [0x00000000e0000000,0x00000000eb200000,0x00000000eb200000)
  from space 139776K, 31% used [0x00000000f5c80000,0x00000000f87d7920,0x00000000fe500000)
  to   space 157184K, 0% used [0x00000000eb200000,0x00000000eb200000,0x00000000f4b80000)
 ParOldGen       total 637440K, used 473364K [0x00000000a0000000, 0x00000000c6e80000, 0x00000000e0000000)
  object space 637440K, 74% used [0x00000000a0000000,0x00000000bce45230,0x00000000c6e80000)
 Metaspace       used 136103K, capacity 145676K, committed 145792K, reserved 1177600K
  class space    used 16892K, capacity 18528K, committed 18560K, reserved 1048576K
Event: 11965.154 GC heap after
Heap after GC invocations=700 (full 30):
 PSYoungGen      total 339456K, used 43405K [0x00000000e0000000, 0x00000000ff480000, 0x0000000100000000)
  eden space 182272K, 0% used [0x00000000e0000000,0x00000000e0000000,0x00000000eb200000)
  from space 157184K, 27% used [0x00000000eb200000,0x00000000edc634f8,0x00000000f4b80000)
  to   space 147968K, 0% used [0x00000000f6400000,0x00000000f6400000,0x00000000ff480000)
 ParOldGen       total 637440K, used 517253K [0x00000000a0000000, 0x00000000c6e80000, 0x00000000e0000000)
  object space 637440K, 81% used [0x00000000a0000000,0x00000000bf921758,0x00000000c6e80000)
 Metaspace       used 136103K, capacity 145676K, committed 145792K, reserved 1177600K
  class space    used 16892K, capacity 18528K, committed 18560K, reserved 1048576K
}
Event: 11965.428 GC heap before
{Heap before GC invocations=701 (full 30):
 PSYoungGen      total 339456K, used 225677K [0x00000000e0000000, 0x00000000ff480000, 0x0000000100000000)
  eden space 182272K, 100% used [0x00000000e0000000,0x00000000eb200000,0x00000000eb200000)
  from space 157184K, 27% used [0x00000000eb200000,0x00000000edc634f8,0x00000000f4b80000)
  to   space 147968K, 0% used [0x00000000f6400000,0x00000000f6400000,0x00000000ff480000)
 ParOldGen       total 637440K, used 517253K [0x00000000a0000000, 0x00000000c6e80000, 0x00000000e0000000)
  object space 637440K, 81% used [0x00000000a0000000,0x00000000bf921758,0x00000000c6e80000)
 Metaspace       used 136103K, capacity 145676K, committed 145792K, reserved 1177600K
  class space    used 16892K, capacity 18528K, committed 18560K, reserved 1048576K
Event: 11965.542 GC heap after
Heap after GC invocations=701 (full 30):
 PSYoungGen      total 348160K, used 42781K [0x00000000e0000000, 0x00000000fe480000, 0x0000000100000000)
  eden space 216576K, 0% used [0x00000000e0000000,0x00000000e0000000,0x00000000ed380000)
  from space 131584K, 32% used [0x00000000f6400000,0x00000000f8dc7610,0x00000000fe480000)
  to   space 139776K, 0% used [0x00000000ed380000,0x00000000ed380000,0x00000000f5c00000)
 ParOldGen       total 637440K, used 557346K [0x00000000a0000000, 0x00000000c6e80000, 0x00000000e0000000)
  object space 637440K, 87% used [0x00000000a0000000,0x00000000c2048a48,0x00000000c6e80000)
 Metaspace       used 136103K, capacity 145676K, committed 145792K, reserved 1177600K
  class space    used 16892K, capacity 18528K, committed 18560K, reserved 1048576K
}
Event: 11965.542 GC heap before
{Heap before GC invocations=702 (full 31):
 PSYoungGen      total 348160K, used 42781K [0x00000000e0000000, 0x00000000fe480000, 0x0000000100000000)
  eden space 216576K, 0% used [0x00000000e0000000,0x00000000e0000000,0x00000000ed380000)
  from space 131584K, 32% used [0x00000000f6400000,0x00000000f8dc7610,0x00000000fe480000)
  to   space 139776K, 0% used [0x00000000ed380000,0x00000000ed380000,0x00000000f5c00000)
 ParOldGen       total 637440K, used 557346K [0x00000000a0000000, 0x00000000c6e80000, 0x00000000e0000000)
  object space 637440K, 87% used [0x00000000a0000000,0x00000000c2048a48,0x00000000c6e80000)
 Metaspace       used 136103K, capacity 145676K, committed 145792K, reserved 1177600K
  class space    used 16892K, capacity 18528K, committed 18560K, reserved 1048576K

