# JRE version: OpenJDK Runtime Environment (8.0_212) (build 1.8.0_212-release-1586-b4-5784211)
# Java VM: OpenJDK 64-Bit Server VM (25.212-b4-5784211 mixed mode linux-amd64 compressed oops)
Heap:
 PSYoungGen      total 354304K, used 42042K [0x00000000e0000000, 0x00000000f9580000, 0x0000000100000000)
  eden space 300032K, 0% used [0x00000000e0000000,0x00000000e0000000,0x00000000f2500000)
  from space 54272K, 77% used [0x00000000f2500000,0x00000000f4e0e800,0x00000000f5a00000)
  to   space 40448K, 0% used [0x00000000f5a00000,0x00000000f5a00000,0x00000000f8180000)
 ParOldGen       total 100864K, used 69109K [0x00000000a0000000, 0x00000000a6280000, 0x00000000e0000000)
  object space 100864K, 68% used [0x00000000a0000000,0x00000000a437d730,0x00000000a6280000)
 Metaspace       used 93613K, capacity 97704K, committed 98048K, reserved 1134592K
  class space    used 12071K, capacity 12930K, committed 13056K, reserved 1048576K
GC Heap History (10 events):
Event: 62.626 GC heap after
Heap after GC invocations=21 (full 3):
 PSYoungGen      total 258560K, used 19610K [0x00000000e0000000, 0x00000000f1c00000, 0x0000000100000000)
  eden space 236544K, 0% used [0x00000000e0000000,0x00000000e0000000,0x00000000ee700000)
  from space 22016K, 89% used [0x00000000efe80000,0x00000000f11a6968,0x00000000f1400000)
  to   space 24064K, 0% used [0x00000000ee700000,0x00000000ee700000,0x00000000efe80000)
 ParOldGen       total 100864K, used 39952K [0x00000000a0000000, 0x00000000a6280000, 0x00000000e0000000)
  object space 100864K, 39% used [0x00000000a0000000,0x00000000a2704118,0x00000000a6280000)
 Metaspace       used 67725K, capacity 70088K, committed 70272K, reserved 1110016K
  class space    used 9062K, capacity 9597K, committed 9600K, reserved 1048576K
}
Event: 87.390 GC heap before
{Heap before GC invocations=22 (full 3):
 PSYoungGen      total 258560K, used 256154K [0x00000000e0000000, 0x00000000f1c00000, 0x0000000100000000)
  eden space 236544K, 100% used [0x00000000e0000000,0x00000000ee700000,0x00000000ee700000)
  from space 22016K, 89% used [0x00000000efe80000,0x00000000f11a6968,0x00000000f1400000)
  to   space 24064K, 0% used [0x00000000ee700000,0x00000000ee700000,0x00000000efe80000)
 ParOldGen       total 100864K, used 39998K [0x00000000a0000000, 0x00000000a6280000, 0x00000000e0000000)
  object space 100864K, 39% used [0x00000000a0000000,0x00000000a270fba0,0x00000000a6280000)
 Metaspace       used 71154K, capacity 73852K, committed 74112K, reserved 1114112K
  class space    used 9452K, capacity 10015K, committed 10112K, reserved 1048576K
Event: 87.442 GC heap after
Heap after GC invocations=22 (full 3):
 PSYoungGen      total 260608K, used 23483K [0x00000000e0000000, 0x00000000f3a80000, 0x0000000100000000)
  eden space 236544K, 0% used [0x00000000e0000000,0x00000000e0000000,0x00000000ee700000)
  from space 24064K, 97% used [0x00000000ee700000,0x00000000efdeedf8,0x00000000efe80000)
  to   space 27648K, 0% used [0x00000000f1f80000,0x00000000f1f80000,0x00000000f3a80000)
 ParOldGen       total 100864K, used 40006K [0x00000000a0000000, 0x00000000a6280000, 0x00000000e0000000)
  object space 100864K, 39% used [0x00000000a0000000,0x00000000a2711ba0,0x00000000a6280000)
 Metaspace       used 71154K, capacity 73852K, committed 74112K, reserved 1114112K
  class space    used 9452K, capacity 10015K, committed 10112K, reserved 1048576K
}
Event: 89.554 GC heap before
{Heap before GC invocations=23 (full 3):
 PSYoungGen      total 260608K, used 260027K [0x00000000e0000000, 0x00000000f3a80000, 0x0000000100000000)
  eden space 236544K, 100% used [0x00000000e0000000,0x00000000ee700000,0x00000000ee700000)
  from space 24064K, 97% used [0x00000000ee700000,0x00000000efdeedf8,0x00000000efe80000)
  to   space 27648K, 0% used [0x00000000f1f80000,0x00000000f1f80000,0x00000000f3a80000)
 ParOldGen       total 100864K, used 40083K [0x00000000a0000000, 0x00000000a6280000, 0x00000000e0000000)
  object space 100864K, 39% used [0x00000000a0000000,0x00000000a2724f28,0x00000000a6280000)
 Metaspace       used 79148K, capacity 82230K, committed 82304K, reserved 1120256K
  class space    used 10514K, capacity 11126K, committed 11136K, reserved 1048576K
Event: 89.600 GC heap after
Heap after GC invocations=23 (full 3):
 PSYoungGen      total 288768K, used 27625K [0x00000000e0000000, 0x00000000f4c00000, 0x0000000100000000)
  eden space 261120K, 0% used [0x00000000e0000000,0x00000000e0000000,0x00000000eff00000)
  from space 27648K, 99% used [0x00000000f1f80000,0x00000000f3a7a5a0,0x00000000f3a80000)
  to   space 33280K, 0% used [0x00000000eff00000,0x00000000eff00000,0x00000000f1f80000)
 ParOldGen       total 100864K, used 44071K [0x00000000a0000000, 0x00000000a6280000, 0x00000000e0000000)
  object space 100864K, 43% used [0x00000000a0000000,0x00000000a2b09e78,0x00000000a6280000)
 Metaspace       used 79148K, capacity 82230K, committed 82304K, reserved 1120256K
  class space    used 10514K, capacity 11126K, committed 11136K, reserved 1048576K
}
Event: 91.588 GC heap before
{Heap before GC invocations=24 (full 3):
 PSYoungGen      total 288768K, used 288745K [0x00000000e0000000, 0x00000000f4c00000, 0x0000000100000000)
  eden space 261120K, 100% used [0x00000000e0000000,0x00000000eff00000,0x00000000eff00000)
  from space 27648K, 99% used [0x00000000f1f80000,0x00000000f3a7a5a0,0x00000000f3a80000)
  to   space 33280K, 0% used [0x00000000eff00000,0x00000000eff00000,0x00000000f1f80000)
 ParOldGen       total 100864K, used 44119K [0x00000000a0000000, 0x00000000a6280000, 0x00000000e0000000)
  object space 100864K, 43% used [0x00000000a0000000,0x00000000a2b15f48,0x00000000a6280000)
 Metaspace       used 79827K, capacity 82928K, committed 83200K, reserved 1122304K
  class space    used 10568K, capacity 11173K, committed 11264K, reserved 1048576K
Event: 91.668 GC heap after
Heap after GC invocations=24 (full 3):
 PSYoungGen      total 294400K, used 33262K [0x00000000e0000000, 0x00000000f8180000, 0x0000000100000000)
  eden space 261120K, 0% used [0x00000000e0000000,0x00000000e0000000,0x00000000eff00000)
  from space 33280K, 99% used [0x00000000eff00000,0x00000000f1f7b8d0,0x00000000f1f80000)
  to   space 40448K, 0% used [0x00000000f5a00000,0x00000000f5a00000,0x00000000f8180000)
 ParOldGen       total 100864K, used 48735K [0x00000000a0000000, 0x00000000a6280000, 0x00000000e0000000)
  object space 100864K, 48% used [0x00000000a0000000,0x00000000a2f97f10,0x00000000a6280000)
 Metaspace       used 79827K, capacity 82928K, committed 83200K, reserved 1122304K
  class space    used 10568K, capacity 11173K, committed 11264K, reserved 1048576K
}
Event: 376.279 GC heap before
{Heap before GC invocations=25 (full 3):
 PSYoungGen      total 294400K, used 294382K [0x00000000e0000000, 0x00000000f8180000, 0x0000000100000000)
  eden space 261120K, 100% used [0x00000000e0000000,0x00000000eff00000,0x00000000eff00000)
  from space 33280K, 99% used [0x00000000eff00000,0x00000000f1f7b8d0,0x00000000f1f80000)
  to   space 40448K, 0% used [0x00000000f5a00000,0x00000000f5a00000,0x00000000f8180000)
 ParOldGen       total 100864K, used 48735K [0x00000000a0000000, 0x00000000a6280000, 0x00000000e0000000)
  object space 100864K, 48% used [0x00000000a0000000,0x00000000a2f97f10,0x00000000a6280000)
 Metaspace       used 87961K, capacity 91824K, committed 92160K, reserved 1128448K
  class space    used 11376K, capacity 12188K, committed 12288K, reserved 1048576K
Event: 376.359 GC heap after
Heap after GC invocations=25 (full 3):
 PSYoungGen      total 340480K, used 40437K [0x00000000e0000000, 0x00000000f9580000, 0x0000000100000000)
  eden space 300032K, 0% used [0x00000000e0000000,0x00000000e0000000,0x00000000f2500000)
  from space 40448K, 99% used [0x00000000f5a00000,0x00000000f817d4b8,0x00000000f8180000)
  to   space 54272K, 0% used [0x00000000f2500000,0x00000000f2500000,0x00000000f5a00000)
 ParOldGen       total 100864K, used 69093K [0x00000000a0000000, 0x00000000a6280000, 0x00000000e0000000)
  object space 100864K, 68% used [0x00000000a0000000,0x00000000a4379730,0x00000000a6280000)
 Metaspace       used 87961K, capacity 91824K, committed 92160K, reserved 1128448K
  class space    used 11376K, capacity 12188K, committed 12288K, reserved 1048576K
}
Event: 386.432 GC heap before
{Heap before GC invocations=26 (full 3):
 PSYoungGen      total 340480K, used 340469K [0x00000000e0000000, 0x00000000f9580000, 0x0000000100000000)
  eden space 300032K, 100% used [0x00000000e0000000,0x00000000f2500000,0x00000000f2500000)
  from space 40448K, 99% used [0x00000000f5a00000,0x00000000f817d4b8,0x00000000f8180000)
  to   space 54272K, 0% used [0x00000000f2500000,0x00000000f2500000,0x00000000f5a00000)
 ParOldGen       total 100864K, used 69093K [0x00000000a0000000, 0x00000000a6280000, 0x00000000e0000000)
  object space 100864K, 68% used [0x00000000a0000000,0x00000000a4379730,0x00000000a6280000)
 Metaspace       used 93613K, capacity 97704K, committed 98048K, reserved 1134592K
  class space    used 12071K, capacity 12930K, committed 13056K, reserved 1048576K

