# JRE version: OpenJDK Runtime Environment (8.0_212) (build 1.8.0_212-release-1586-b4-5784211)
# Java VM: OpenJDK 64-Bit Server VM (25.212-b4-5784211 mixed mode linux-amd64 compressed oops)
Heap:
 PSYoungGen      total 349696K, used 0K [0x00000000e0000000, 0x0000000100000000, 0x0000000100000000)
  eden space 175104K, 0% used [0x00000000e0000000,0x00000000e0000000,0x00000000eab00000)
  from space 174592K, 0% used [0x00000000eab00000,0x00000000eab00000,0x00000000f5580000)
  to   space 174592K, 0% used [0x00000000f5580000,0x00000000f5580000,0x0000000100000000)
 ParOldGen       total 527872K, used 351889K [0x00000000a0000000, 0x00000000c0380000, 0x00000000e0000000)
  object space 527872K, 66% used [0x00000000a0000000,0x00000000b57a4598,0x00000000c0380000)
 Metaspace       used 106816K, capacity 112274K, committed 112472K, reserved 1146880K
  class space    used 13655K, capacity 14687K, committed 14720K, reserved 1048576K
GC Heap History (10 events):
Event: 319.414 GC heap after
Heap after GC invocations=114 (full 9):
 PSYoungGen      total 394752K, used 116713K [0x00000000e0000000, 0x0000000100000000, 0x0000000100000000)
  eden space 278016K, 0% used [0x00000000e0000000,0x00000000e0000000,0x00000000f0f80000)
  from space 116736K, 99% used [0x00000000f0f80000,0x00000000f817a6a0,0x00000000f8180000)
  to   space 129536K, 0% used [0x00000000f8180000,0x00000000f8180000,0x0000000100000000)
 ParOldGen       total 527872K, used 371188K [0x00000000a0000000, 0x00000000c0380000, 0x00000000e0000000)
  object space 527872K, 70% used [0x00000000a0000000,0x00000000b6a7d1b0,0x00000000c0380000)
 Metaspace       used 106812K, capacity 112274K, committed 112472K, reserved 1146880K
  class space    used 13655K, capacity 14687K, committed 14720K, reserved 1048576K
}
Event: 319.799 GC heap before
{Heap before GC invocations=115 (full 9):
 PSYoungGen      total 394752K, used 394729K [0x00000000e0000000, 0x0000000100000000, 0x0000000100000000)
  eden space 278016K, 100% used [0x00000000e0000000,0x00000000f0f80000,0x00000000f0f80000)
  from space 116736K, 99% used [0x00000000f0f80000,0x00000000f817a6a0,0x00000000f8180000)
  to   space 129536K, 0% used [0x00000000f8180000,0x00000000f8180000,0x0000000100000000)
 ParOldGen       total 527872K, used 371188K [0x00000000a0000000, 0x00000000c0380000, 0x00000000e0000000)
  object space 527872K, 70% used [0x00000000a0000000,0x00000000b6a7d1b0,0x00000000c0380000)
 Metaspace       used 106814K, capacity 112274K, committed 112472K, reserved 1146880K
  class space    used 13655K, capacity 14687K, committed 14720K, reserved 1048576K
Event: 319.976 GC heap after
Heap after GC invocations=115 (full 9):
 PSYoungGen      total 304640K, used 129505K [0x00000000e0000000, 0x0000000100000000, 0x0000000100000000)
  eden space 175104K, 0% used [0x00000000e0000000,0x00000000e0000000,0x00000000eab00000)
  from space 129536K, 99% used [0x00000000f8180000,0x00000000ffff8530,0x0000000100000000)
  to   space 174592K, 0% used [0x00000000eab00000,0x00000000eab00000,0x00000000f5580000)
 ParOldGen       total 527872K, used 413207K [0x00000000a0000000, 0x00000000c0380000, 0x00000000e0000000)
  object space 527872K, 78% used [0x00000000a0000000,0x00000000b9385ed0,0x00000000c0380000)
 Metaspace       used 106814K, capacity 112274K, committed 112472K, reserved 1146880K
  class space    used 13655K, capacity 14687K, committed 14720K, reserved 1048576K
}
Event: 320.181 GC heap before
{Heap before GC invocations=116 (full 9):
 PSYoungGen      total 304640K, used 304609K [0x00000000e0000000, 0x0000000100000000, 0x0000000100000000)
  eden space 175104K, 100% used [0x00000000e0000000,0x00000000eab00000,0x00000000eab00000)
  from space 129536K, 99% used [0x00000000f8180000,0x00000000ffff8530,0x0000000100000000)
  to   space 174592K, 0% used [0x00000000eab00000,0x00000000eab00000,0x00000000f5580000)
 ParOldGen       total 527872K, used 413207K [0x00000000a0000000, 0x00000000c0380000, 0x00000000e0000000)
  object space 527872K, 78% used [0x00000000a0000000,0x00000000b9385ed0,0x00000000c0380000)
 Metaspace       used 106814K, capacity 112274K, committed 112472K, reserved 1146880K
  class space    used 13655K, capacity 14687K, committed 14720K, reserved 1048576K
Event: 320.332 GC heap after
Heap after GC invocations=116 (full 9):
 PSYoungGen      total 349696K, used 171136K [0x00000000e0000000, 0x0000000100000000, 0x0000000100000000)
  eden space 175104K, 0% used [0x00000000e0000000,0x00000000e0000000,0x00000000eab00000)
  from space 174592K, 98% used [0x00000000eab00000,0x00000000f5220270,0x00000000f5580000)
  to   space 174592K, 0% used [0x00000000f5580000,0x00000000f5580000,0x0000000100000000)
 ParOldGen       total 527872K, used 413207K [0x00000000a0000000, 0x00000000c0380000, 0x00000000e0000000)
  object space 527872K, 78% used [0x00000000a0000000,0x00000000b9385ed0,0x00000000c0380000)
 Metaspace       used 106814K, capacity 112274K, committed 112472K, reserved 1146880K
  class space    used 13655K, capacity 14687K, committed 14720K, reserved 1048576K
}
Event: 320.642 GC heap before
{Heap before GC invocations=117 (full 9):
 PSYoungGen      total 349696K, used 346240K [0x00000000e0000000, 0x0000000100000000, 0x0000000100000000)
  eden space 175104K, 100% used [0x00000000e0000000,0x00000000eab00000,0x00000000eab00000)
  from space 174592K, 98% used [0x00000000eab00000,0x00000000f5220270,0x00000000f5580000)
  to   space 174592K, 0% used [0x00000000f5580000,0x00000000f5580000,0x0000000100000000)
 ParOldGen       total 527872K, used 413207K [0x00000000a0000000, 0x00000000c0380000, 0x00000000e0000000)
  object space 527872K, 78% used [0x00000000a0000000,0x00000000b9385ed0,0x00000000c0380000)
 Metaspace       used 106816K, capacity 112274K, committed 112472K, reserved 1146880K
  class space    used 13655K, capacity 14687K, committed 14720K, reserved 1048576K
Event: 320.821 GC heap after
Heap after GC invocations=117 (full 9):
 PSYoungGen      total 349696K, used 174585K [0x00000000e0000000, 0x0000000100000000, 0x0000000100000000)
  eden space 175104K, 0% used [0x00000000e0000000,0x00000000e0000000,0x00000000eab00000)
  from space 174592K, 99% used [0x00000000f5580000,0x00000000ffffe4c0,0x0000000100000000)
  to   space 174592K, 0% used [0x00000000eab00000,0x00000000eab00000,0x00000000f5580000)
 ParOldGen       total 527872K, used 450490K [0x00000000a0000000, 0x00000000c0380000, 0x00000000e0000000)
  object space 527872K, 85% used [0x00000000a0000000,0x00000000bb7eeba8,0x00000000c0380000)
 Metaspace       used 106816K, capacity 112274K, committed 112472K, reserved 1146880K
  class space    used 13655K, capacity 14687K, committed 14720K, reserved 1048576K
}
Event: 321.134 GC heap before
{Heap before GC invocations=118 (full 9):
 PSYoungGen      total 349696K, used 349689K [0x00000000e0000000, 0x0000000100000000, 0x0000000100000000)
  eden space 175104K, 100% used [0x00000000e0000000,0x00000000eab00000,0x00000000eab00000)
  from space 174592K, 99% used [0x00000000f5580000,0x00000000ffffe4c0,0x0000000100000000)
  to   space 174592K, 0% used [0x00000000eab00000,0x00000000eab00000,0x00000000f5580000)
 ParOldGen       total 527872K, used 450490K [0x00000000a0000000, 0x00000000c0380000, 0x00000000e0000000)
  object space 527872K, 85% used [0x00000000a0000000,0x00000000bb7eeba8,0x00000000c0380000)
 Metaspace       used 106816K, capacity 112274K, committed 112472K, reserved 1146880K
  class space    used 13655K, capacity 14687K, committed 14720K, reserved 1048576K
Event: 321.336 GC heap after
Heap after GC invocations=118 (full 9):
 PSYoungGen      total 349696K, used 174562K [0x00000000e0000000, 0x0000000100000000, 0x0000000100000000)
  eden space 175104K, 0% used [0x00000000e0000000,0x00000000e0000000,0x00000000eab00000)
  from space 174592K, 99% used [0x00000000eab00000,0x00000000f5578b10,0x00000000f5580000)
  to   space 174592K, 0% used [0x00000000f5580000,0x00000000f5580000,0x0000000100000000)
 ParOldGen       total 527872K, used 490650K [0x00000000a0000000, 0x00000000c0380000, 0x00000000e0000000)
  object space 527872K, 92% used [0x00000000a0000000,0x00000000bdf26b08,0x00000000c0380000)
 Metaspace       used 106816K, capacity 112274K, committed 112472K, reserved 1146880K
  class space    used 13655K, capacity 14687K, committed 14720K, reserved 1048576K
}
Event: 321.336 GC heap before
{Heap before GC invocations=119 (full 10):
 PSYoungGen      total 349696K, used 174562K [0x00000000e0000000, 0x0000000100000000, 0x0000000100000000)
  eden space 175104K, 0% used [0x00000000e0000000,0x00000000e0000000,0x00000000eab00000)
  from space 174592K, 99% used [0x00000000eab00000,0x00000000f5578b10,0x00000000f5580000)
  to   space 174592K, 0% used [0x00000000f5580000,0x00000000f5580000,0x0000000100000000)
 ParOldGen       total 527872K, used 490650K [0x00000000a0000000, 0x00000000c0380000, 0x00000000e0000000)
  object space 527872K, 92% used [0x00000000a0000000,0x00000000bdf26b08,0x00000000c0380000)
 Metaspace       used 106816K, capacity 112274K, committed 112472K, reserved 1146880K
  class space    used 13655K, capacity 14687K, committed 14720K, reserved 1048576K

