# JRE version: OpenJDK Runtime Environment (8.0_212) (build 1.8.0_212-release-1586-b4-5784211)
# Java VM: OpenJDK 64-Bit Server VM (25.212-b4-5784211 mixed mode linux-amd64 compressed oops)
Heap:
 PSYoungGen      total 349696K, used 19024K [0x00000000e0000000, 0x0000000100000000, 0x0000000100000000)
  eden space 175104K, 0% used [0x00000000e0000000,0x00000000e0000000,0x00000000eab00000)
  from space 174592K, 10% used [0x00000000f5580000,0x00000000f6814198,0x0000000100000000)
  to   space 174592K, 0% used [0x00000000eab00000,0x00000000eab00000,0x00000000f5580000)
 ParOldGen       total 409600K, used 409358K [0x00000000a0000000, 0x00000000b9000000, 0x00000000e0000000)
  object space 409600K, 99% used [0x00000000a0000000,0x00000000b8fc39f8,0x00000000b9000000)
 Metaspace       used 118438K, capacity 124850K, committed 131840K, reserved 1163264K
  class space    used 15072K, capacity 16259K, committed 17152K, reserved 1048576K
GC Heap History (10 events):
Event: 1945.934 GC heap after
Heap after GC invocations=76 (full 8):
 PSYoungGen      total 349696K, used 133703K [0x00000000e0000000, 0x0000000100000000, 0x0000000100000000)
  eden space 175104K, 0% used [0x00000000e0000000,0x00000000e0000000,0x00000000eab00000)
  from space 174592K, 76% used [0x00000000f5580000,0x00000000fd811c50,0x0000000100000000)
  to   space 174592K, 0% used [0x00000000eab00000,0x00000000eab00000,0x00000000f5580000)
 ParOldGen       total 409600K, used 254516K [0x00000000a0000000, 0x00000000b9000000, 0x00000000e0000000)
  object space 409600K, 62% used [0x00000000a0000000,0x00000000af88d268,0x00000000b9000000)
 Metaspace       used 124348K, capacity 130900K, committed 131840K, reserved 1163264K
  class space    used 15709K, capacity 16938K, committed 17152K, reserved 1048576K
}
Event: 1946.451 GC heap before
{Heap before GC invocations=77 (full 8):
 PSYoungGen      total 349696K, used 308807K [0x00000000e0000000, 0x0000000100000000, 0x0000000100000000)
  eden space 175104K, 100% used [0x00000000e0000000,0x00000000eab00000,0x00000000eab00000)
  from space 174592K, 76% used [0x00000000f5580000,0x00000000fd811c50,0x0000000100000000)
  to   space 174592K, 0% used [0x00000000eab00000,0x00000000eab00000,0x00000000f5580000)
 ParOldGen       total 409600K, used 254516K [0x00000000a0000000, 0x00000000b9000000, 0x00000000e0000000)
  object space 409600K, 62% used [0x00000000a0000000,0x00000000af88d268,0x00000000b9000000)
 Metaspace       used 124349K, capacity 130900K, committed 131840K, reserved 1163264K
  class space    used 15710K, capacity 16938K, committed 17152K, reserved 1048576K
Event: 1946.581 GC heap after
Heap after GC invocations=77 (full 8):
 PSYoungGen      total 349696K, used 139313K [0x00000000e0000000, 0x0000000100000000, 0x0000000100000000)
  eden space 175104K, 0% used [0x00000000e0000000,0x00000000e0000000,0x00000000eab00000)
  from space 174592K, 79% used [0x00000000eab00000,0x00000000f330c538,0x00000000f5580000)
  to   space 174592K, 0% used [0x00000000f5580000,0x00000000f5580000,0x0000000100000000)
 ParOldGen       total 409600K, used 254516K [0x00000000a0000000, 0x00000000b9000000, 0x00000000e0000000)
  object space 409600K, 62% used [0x00000000a0000000,0x00000000af88d268,0x00000000b9000000)
 Metaspace       used 124349K, capacity 130900K, committed 131840K, reserved 1163264K
  class space    used 15710K, capacity 16938K, committed 17152K, reserved 1048576K
}
Event: 1947.970 GC heap before
{Heap before GC invocations=78 (full 8):
 PSYoungGen      total 349696K, used 314416K [0x00000000e0000000, 0x0000000100000000, 0x0000000100000000)
  eden space 175104K, 99% used [0x00000000e0000000,0x00000000eaaffe00,0x00000000eab00000)
  from space 174592K, 79% used [0x00000000eab00000,0x00000000f330c538,0x00000000f5580000)
  to   space 174592K, 0% used [0x00000000f5580000,0x00000000f5580000,0x0000000100000000)
 ParOldGen       total 409600K, used 254516K [0x00000000a0000000, 0x00000000b9000000, 0x00000000e0000000)
  object space 409600K, 62% used [0x00000000a0000000,0x00000000af88d268,0x00000000b9000000)
 Metaspace       used 124349K, capacity 130900K, committed 131840K, reserved 1163264K
  class space    used 15710K, capacity 16938K, committed 17152K, reserved 1048576K
Event: 1948.131 GC heap after
Heap after GC invocations=78 (full 8):
 PSYoungGen      total 349696K, used 167918K [0x00000000e0000000, 0x0000000100000000, 0x0000000100000000)
  eden space 175104K, 0% used [0x00000000e0000000,0x00000000e0000000,0x00000000eab00000)
  from space 174592K, 96% used [0x00000000f5580000,0x00000000ff97ba28,0x0000000100000000)
  to   space 174592K, 0% used [0x00000000eab00000,0x00000000eab00000,0x00000000f5580000)
 ParOldGen       total 409600K, used 254516K [0x00000000a0000000, 0x00000000b9000000, 0x00000000e0000000)
  object space 409600K, 62% used [0x00000000a0000000,0x00000000af88d268,0x00000000b9000000)
 Metaspace       used 124349K, capacity 130900K, committed 131840K, reserved 1163264K
  class space    used 15710K, capacity 16938K, committed 17152K, reserved 1048576K
}
Event: 1949.127 GC heap before
{Heap before GC invocations=79 (full 8):
 PSYoungGen      total 349696K, used 343022K [0x00000000e0000000, 0x0000000100000000, 0x0000000100000000)
  eden space 175104K, 100% used [0x00000000e0000000,0x00000000eab00000,0x00000000eab00000)
  from space 174592K, 96% used [0x00000000f5580000,0x00000000ff97ba28,0x0000000100000000)
  to   space 174592K, 0% used [0x00000000eab00000,0x00000000eab00000,0x00000000f5580000)
 ParOldGen       total 409600K, used 254516K [0x00000000a0000000, 0x00000000b9000000, 0x00000000e0000000)
  object space 409600K, 62% used [0x00000000a0000000,0x00000000af88d268,0x00000000b9000000)
 Metaspace       used 124349K, capacity 130900K, committed 131840K, reserved 1163264K
  class space    used 15710K, capacity 16938K, committed 17152K, reserved 1048576K
Event: 1949.517 GC heap after
Heap after GC invocations=79 (full 8):
 PSYoungGen      total 349696K, used 163110K [0x00000000e0000000, 0x0000000100000000, 0x0000000100000000)
  eden space 175104K, 0% used [0x00000000e0000000,0x00000000e0000000,0x00000000eab00000)
  from space 174592K, 93% used [0x00000000eab00000,0x00000000f4a49ad0,0x00000000f5580000)
  to   space 174592K, 0% used [0x00000000f5580000,0x00000000f5580000,0x0000000100000000)
 ParOldGen       total 409600K, used 291866K [0x00000000a0000000, 0x00000000b9000000, 0x00000000e0000000)
  object space 409600K, 71% used [0x00000000a0000000,0x00000000b1d06820,0x00000000b9000000)
 Metaspace       used 124349K, capacity 130900K, committed 131840K, reserved 1163264K
  class space    used 15710K, capacity 16938K, committed 17152K, reserved 1048576K
}
Event: 1950.140 GC heap before
{Heap before GC invocations=80 (full 8):
 PSYoungGen      total 349696K, used 338214K [0x00000000e0000000, 0x0000000100000000, 0x0000000100000000)
  eden space 175104K, 100% used [0x00000000e0000000,0x00000000eab00000,0x00000000eab00000)
  from space 174592K, 93% used [0x00000000eab00000,0x00000000f4a49ad0,0x00000000f5580000)
  to   space 174592K, 0% used [0x00000000f5580000,0x00000000f5580000,0x0000000100000000)
 ParOldGen       total 409600K, used 291866K [0x00000000a0000000, 0x00000000b9000000, 0x00000000e0000000)
  object space 409600K, 71% used [0x00000000a0000000,0x00000000b1d06820,0x00000000b9000000)
 Metaspace       used 124352K, capacity 130900K, committed 131840K, reserved 1163264K
  class space    used 15711K, capacity 16938K, committed 17152K, reserved 1048576K
Event: 1951.005 GC heap after
Heap after GC invocations=80 (full 8):
 PSYoungGen      total 349696K, used 123170K [0x00000000e0000000, 0x0000000100000000, 0x0000000100000000)
  eden space 175104K, 0% used [0x00000000e0000000,0x00000000e0000000,0x00000000eab00000)
  from space 174592K, 70% used [0x00000000f5580000,0x00000000fcdc89a0,0x0000000100000000)
  to   space 174592K, 0% used [0x00000000eab00000,0x00000000eab00000,0x00000000f5580000)
 ParOldGen       total 409600K, used 364327K [0x00000000a0000000, 0x00000000b9000000, 0x00000000e0000000)
  object space 409600K, 88% used [0x00000000a0000000,0x00000000b63c9ce8,0x00000000b9000000)
 Metaspace       used 124352K, capacity 130900K, committed 131840K, reserved 1163264K
  class space    used 15711K, capacity 16938K, committed 17152K, reserved 1048576K
}
Event: 1951.006 GC heap before
{Heap before GC invocations=81 (full 9):
 PSYoungGen      total 349696K, used 123170K [0x00000000e0000000, 0x0000000100000000, 0x0000000100000000)
  eden space 175104K, 0% used [0x00000000e0000000,0x00000000e0000000,0x00000000eab00000)
  from space 174592K, 70% used [0x00000000f5580000,0x00000000fcdc89a0,0x0000000100000000)
  to   space 174592K, 0% used [0x00000000eab00000,0x00000000eab00000,0x00000000f5580000)
 ParOldGen       total 409600K, used 364327K [0x00000000a0000000, 0x00000000b9000000, 0x00000000e0000000)
  object space 409600K, 88% used [0x00000000a0000000,0x00000000b63c9ce8,0x00000000b9000000)
 Metaspace       used 124352K, capacity 130900K, committed 131840K, reserved 1163264K
  class space    used 15711K, capacity 16938K, committed 17152K, reserved 1048576K

