# JRE version: OpenJDK Runtime Environment (8.0_212) (build 1.8.0_212-release-1586-b4-5784211)
# Java VM: OpenJDK 64-Bit Server VM (25.212-b4-5784211 mixed mode linux-amd64 compressed oops)
Heap:
 PSYoungGen      total 399872K, used 0K [0x00000000e0000000, 0x0000000100000000, 0x0000000100000000)
  eden space 273920K, 0% used [0x00000000e0000000,0x00000000e0000000,0x00000000f0b80000)
  from space 125952K, 0% used [0x00000000f8180000,0x00000000f8180000,0x00000000ffc80000)
  to   space 120832K, 0% used [0x00000000f0b80000,0x00000000f0b80000,0x00000000f8180000)
 ParOldGen       total 360448K, used 348591K [0x00000000a0000000, 0x00000000b6000000, 0x00000000e0000000)
  object space 360448K, 96% used [0x00000000a0000000,0x00000000b546bda8,0x00000000b6000000)
 Metaspace       used 128683K, capacity 133070K, committed 133376K, reserved 1165312K
  class space    used 16387K, capacity 17324K, committed 17408K, reserved 1048576K
GC Heap History (10 events):
Event: 2561.915 GC heap after
Heap after GC invocations=32 (full 5):
 PSYoungGen      total 384512K, used 92669K [0x00000000e0000000, 0x0000000100000000, 0x0000000100000000)
  eden space 291840K, 0% used [0x00000000e0000000,0x00000000e0000000,0x00000000f1d00000)
  from space 92672K, 99% used [0x00000000f1d00000,0x00000000f777f458,0x00000000f7780000)
  to   space 127488K, 0% used [0x00000000f8380000,0x00000000f8380000,0x0000000100000000)
 ParOldGen       total 235520K, used 206422K [0x00000000a0000000, 0x00000000ae600000, 0x00000000e0000000)
  object space 235520K, 87% used [0x00000000a0000000,0x00000000ac995af8,0x00000000ae600000)
 Metaspace       used 128169K, capacity 132420K, committed 132992K, reserved 1165312K
  class space    used 16322K, capacity 17237K, committed 17280K, reserved 1048576K
}
Event: 2561.916 GC heap before
{Heap before GC invocations=33 (full 6):
 PSYoungGen      total 384512K, used 92669K [0x00000000e0000000, 0x0000000100000000, 0x0000000100000000)
  eden space 291840K, 0% used [0x00000000e0000000,0x00000000e0000000,0x00000000f1d00000)
  from space 92672K, 99% used [0x00000000f1d00000,0x00000000f777f458,0x00000000f7780000)
  to   space 127488K, 0% used [0x00000000f8380000,0x00000000f8380000,0x0000000100000000)
 ParOldGen       total 235520K, used 206422K [0x00000000a0000000, 0x00000000ae600000, 0x00000000e0000000)
  object space 235520K, 87% used [0x00000000a0000000,0x00000000ac995af8,0x00000000ae600000)
 Metaspace       used 128169K, capacity 132420K, committed 132992K, reserved 1165312K
  class space    used 16322K, capacity 17237K, committed 17280K, reserved 1048576K
Event: 2562.315 GC heap after
Heap after GC invocations=33 (full 6):
 PSYoungGen      total 384512K, used 0K [0x00000000e0000000, 0x0000000100000000, 0x0000000100000000)
  eden space 291840K, 0% used [0x00000000e0000000,0x00000000e0000000,0x00000000f1d00000)
  from space 92672K, 0% used [0x00000000f1d00000,0x00000000f1d00000,0x00000000f7780000)
  to   space 127488K, 0% used [0x00000000f8380000,0x00000000f8380000,0x0000000100000000)
 ParOldGen       total 360448K, used 214834K [0x00000000a0000000, 0x00000000b6000000, 0x00000000e0000000)
  object space 360448K, 59% used [0x00000000a0000000,0x00000000ad1cc998,0x00000000b6000000)
 Metaspace       used 128136K, capacity 132358K, committed 132992K, reserved 1165312K
  class space    used 16313K, capacity 17222K, committed 17280K, reserved 1048576K
}
Event: 2562.866 GC heap before
{Heap before GC invocations=34 (full 6):
 PSYoungGen      total 384512K, used 291840K [0x00000000e0000000, 0x0000000100000000, 0x0000000100000000)
  eden space 291840K, 100% used [0x00000000e0000000,0x00000000f1d00000,0x00000000f1d00000)
  from space 92672K, 0% used [0x00000000f1d00000,0x00000000f1d00000,0x00000000f7780000)
  to   space 127488K, 0% used [0x00000000f8380000,0x00000000f8380000,0x0000000100000000)
 ParOldGen       total 360448K, used 214834K [0x00000000a0000000, 0x00000000b6000000, 0x00000000e0000000)
  object space 360448K, 59% used [0x00000000a0000000,0x00000000ad1cc998,0x00000000b6000000)
 Metaspace       used 128137K, capacity 132358K, committed 132992K, reserved 1165312K
  class space    used 16314K, capacity 17222K, committed 17280K, reserved 1048576K
Event: 2562.955 GC heap after
Heap after GC invocations=34 (full 6):
 PSYoungGen      total 395776K, used 69313K [0x00000000e0000000, 0x0000000100000000, 0x0000000100000000)
  eden space 268288K, 0% used [0x00000000e0000000,0x00000000e0000000,0x00000000f0600000)
  from space 127488K, 54% used [0x00000000f8380000,0x00000000fc7307f8,0x0000000100000000)
  to   space 128000K, 0% used [0x00000000f0600000,0x00000000f0600000,0x00000000f8300000)
 ParOldGen       total 360448K, used 214834K [0x00000000a0000000, 0x00000000b6000000, 0x00000000e0000000)
  object space 360448K, 59% used [0x00000000a0000000,0x00000000ad1cc998,0x00000000b6000000)
 Metaspace       used 128137K, capacity 132358K, committed 132992K, reserved 1165312K
  class space    used 16314K, capacity 17222K, committed 17280K, reserved 1048576K
}
Event: 2563.614 GC heap before
{Heap before GC invocations=35 (full 6):
 PSYoungGen      total 395776K, used 337601K [0x00000000e0000000, 0x0000000100000000, 0x0000000100000000)
  eden space 268288K, 100% used [0x00000000e0000000,0x00000000f0600000,0x00000000f0600000)
  from space 127488K, 54% used [0x00000000f8380000,0x00000000fc7307f8,0x0000000100000000)
  to   space 128000K, 0% used [0x00000000f0600000,0x00000000f0600000,0x00000000f8300000)
 ParOldGen       total 360448K, used 214834K [0x00000000a0000000, 0x00000000b6000000, 0x00000000e0000000)
  object space 360448K, 59% used [0x00000000a0000000,0x00000000ad1cc998,0x00000000b6000000)
 Metaspace       used 128197K, capacity 132426K, committed 133120K, reserved 1165312K
  class space    used 16325K, capacity 17260K, committed 17408K, reserved 1048576K
Event: 2563.781 GC heap after
Heap after GC invocations=35 (full 6):
 PSYoungGen      total 333312K, used 64814K [0x00000000e0000000, 0x00000000ffc80000, 0x0000000100000000)
  eden space 268288K, 0% used [0x00000000e0000000,0x00000000e0000000,0x00000000f0600000)
  from space 65024K, 99% used [0x00000000f0600000,0x00000000f454b9c0,0x00000000f4580000)
  to   space 125952K, 0% used [0x00000000f8180000,0x00000000f8180000,0x00000000ffc80000)
 ParOldGen       total 360448K, used 283027K [0x00000000a0000000, 0x00000000b6000000, 0x00000000e0000000)
  object space 360448K, 78% used [0x00000000a0000000,0x00000000b1464e10,0x00000000b6000000)
 Metaspace       used 128197K, capacity 132426K, committed 133120K, reserved 1165312K
  class space    used 16325K, capacity 17260K, committed 17408K, reserved 1048576K
}
Event: 2565.029 GC heap before
{Heap before GC invocations=36 (full 6):
 PSYoungGen      total 333312K, used 333102K [0x00000000e0000000, 0x00000000ffc80000, 0x0000000100000000)
  eden space 268288K, 100% used [0x00000000e0000000,0x00000000f0600000,0x00000000f0600000)
  from space 65024K, 99% used [0x00000000f0600000,0x00000000f454b9c0,0x00000000f4580000)
  to   space 125952K, 0% used [0x00000000f8180000,0x00000000f8180000,0x00000000ffc80000)
 ParOldGen       total 360448K, used 283027K [0x00000000a0000000, 0x00000000b6000000, 0x00000000e0000000)
  object space 360448K, 78% used [0x00000000a0000000,0x00000000b1464e10,0x00000000b6000000)
 Metaspace       used 128683K, capacity 133070K, committed 133376K, reserved 1165312K
  class space    used 16387K, capacity 17324K, committed 17408K, reserved 1048576K
Event: 2565.215 GC heap after
Heap after GC invocations=36 (full 6):
 PSYoungGen      total 399872K, used 56997K [0x00000000e0000000, 0x0000000100000000, 0x0000000100000000)
  eden space 273920K, 0% used [0x00000000e0000000,0x00000000e0000000,0x00000000f0b80000)
  from space 125952K, 45% used [0x00000000f8180000,0x00000000fb929610,0x00000000ffc80000)
  to   space 120832K, 0% used [0x00000000f0b80000,0x00000000f0b80000,0x00000000f8180000)
 ParOldGen       total 360448K, used 344975K [0x00000000a0000000, 0x00000000b6000000, 0x00000000e0000000)
  object space 360448K, 95% used [0x00000000a0000000,0x00000000b50e3cf8,0x00000000b6000000)
 Metaspace       used 128683K, capacity 133070K, committed 133376K, reserved 1165312K
  class space    used 16387K, capacity 17324K, committed 17408K, reserved 1048576K
}
Event: 2565.215 GC heap before
{Heap before GC invocations=37 (full 7):
 PSYoungGen      total 399872K, used 56997K [0x00000000e0000000, 0x0000000100000000, 0x0000000100000000)
  eden space 273920K, 0% used [0x00000000e0000000,0x00000000e0000000,0x00000000f0b80000)
  from space 125952K, 45% used [0x00000000f8180000,0x00000000fb929610,0x00000000ffc80000)
  to   space 120832K, 0% used [0x00000000f0b80000,0x00000000f0b80000,0x00000000f8180000)
 ParOldGen       total 360448K, used 344975K [0x00000000a0000000, 0x00000000b6000000, 0x00000000e0000000)
  object space 360448K, 95% used [0x00000000a0000000,0x00000000b50e3cf8,0x00000000b6000000)
 Metaspace       used 128683K, capacity 133070K, committed 133376K, reserved 1165312K
  class space    used 16387K, capacity 17324K, committed 17408K, reserved 1048576K

