# JRE version: OpenJDK Runtime Environment (8.0_212) (build 1.8.0_212-release-1586-b4-5784211)
# Java VM: OpenJDK 64-Bit Server VM (25.212-b4-5784211 mixed mode linux-amd64 compressed oops)
Heap:
 PSYoungGen      total 349696K, used 68290K [0x00000000e0000000, 0x0000000100000000, 0x0000000100000000)
  eden space 175104K, 0% used [0x00000000e0000000,0x00000000e0000000,0x00000000eab00000)
  from space 174592K, 39% used [0x00000000eab00000,0x00000000eedb0b78,0x00000000f5580000)
  to   space 174592K, 0% used [0x00000000f5580000,0x00000000f5580000,0x0000000100000000)
 ParOldGen       total 358912K, used 358487K [0x00000000a0000000, 0x00000000b5e80000, 0x00000000e0000000)
  object space 358912K, 99% used [0x00000000a0000000,0x00000000b5e15ca0,0x00000000b5e80000)
 Metaspace       used 106970K, capacity 112252K, committed 112472K, reserved 1146880K
  class space    used 13622K, capacity 14632K, committed 14720K, reserved 1048576K
GC Heap History (10 events):
Event: 2139.040 GC heap after
Heap after GC invocations=112 (full 9):
 PSYoungGen      total 349696K, used 165837K [0x00000000e0000000, 0x0000000100000000, 0x0000000100000000)
  eden space 175104K, 0% used [0x00000000e0000000,0x00000000e0000000,0x00000000eab00000)
  from space 174592K, 94% used [0x00000000eab00000,0x00000000f4cf3448,0x00000000f5580000)
  to   space 174592K, 0% used [0x00000000f5580000,0x00000000f5580000,0x0000000100000000)
 ParOldGen       total 358912K, used 244261K [0x00000000a0000000, 0x00000000b5e80000, 0x00000000e0000000)
  object space 358912K, 68% used [0x00000000a0000000,0x00000000aee897d8,0x00000000b5e80000)
 Metaspace       used 106965K, capacity 112248K, committed 112472K, reserved 1146880K
  class space    used 13621K, capacity 14632K, committed 14720K, reserved 1048576K
}
Event: 2139.556 GC heap before
{Heap before GC invocations=113 (full 9):
 PSYoungGen      total 349696K, used 340941K [0x00000000e0000000, 0x0000000100000000, 0x0000000100000000)
  eden space 175104K, 100% used [0x00000000e0000000,0x00000000eab00000,0x00000000eab00000)
  from space 174592K, 94% used [0x00000000eab00000,0x00000000f4cf3448,0x00000000f5580000)
  to   space 174592K, 0% used [0x00000000f5580000,0x00000000f5580000,0x0000000100000000)
 ParOldGen       total 358912K, used 244261K [0x00000000a0000000, 0x00000000b5e80000, 0x00000000e0000000)
  object space 358912K, 68% used [0x00000000a0000000,0x00000000aee897d8,0x00000000b5e80000)
 Metaspace       used 106965K, capacity 112248K, committed 112472K, reserved 1146880K
  class space    used 13621K, capacity 14632K, committed 14720K, reserved 1048576K
Event: 2139.701 GC heap after
Heap after GC invocations=113 (full 9):
 PSYoungGen      total 349696K, used 171875K [0x00000000e0000000, 0x0000000100000000, 0x0000000100000000)
  eden space 175104K, 0% used [0x00000000e0000000,0x00000000e0000000,0x00000000eab00000)
  from space 174592K, 98% used [0x00000000f5580000,0x00000000ffd58e10,0x0000000100000000)
  to   space 174592K, 0% used [0x00000000eab00000,0x00000000eab00000,0x00000000f5580000)
 ParOldGen       total 358912K, used 244261K [0x00000000a0000000, 0x00000000b5e80000, 0x00000000e0000000)
  object space 358912K, 68% used [0x00000000a0000000,0x00000000aee897d8,0x00000000b5e80000)
 Metaspace       used 106965K, capacity 112248K, committed 112472K, reserved 1146880K
  class space    used 13621K, capacity 14632K, committed 14720K, reserved 1048576K
}
Event: 2140.551 GC heap before
{Heap before GC invocations=114 (full 9):
 PSYoungGen      total 349696K, used 346979K [0x00000000e0000000, 0x0000000100000000, 0x0000000100000000)
  eden space 175104K, 100% used [0x00000000e0000000,0x00000000eab00000,0x00000000eab00000)
  from space 174592K, 98% used [0x00000000f5580000,0x00000000ffd58e10,0x0000000100000000)
  to   space 174592K, 0% used [0x00000000eab00000,0x00000000eab00000,0x00000000f5580000)
 ParOldGen       total 358912K, used 244261K [0x00000000a0000000, 0x00000000b5e80000, 0x00000000e0000000)
  object space 358912K, 68% used [0x00000000a0000000,0x00000000aee897d8,0x00000000b5e80000)
 Metaspace       used 106968K, capacity 112252K, committed 112472K, reserved 1146880K
  class space    used 13621K, capacity 14632K, committed 14720K, reserved 1048576K
Event: 2140.791 GC heap after
Heap after GC invocations=114 (full 9):
 PSYoungGen      total 349696K, used 174580K [0x00000000e0000000, 0x0000000100000000, 0x0000000100000000)
  eden space 175104K, 0% used [0x00000000e0000000,0x00000000e0000000,0x00000000eab00000)
  from space 174592K, 99% used [0x00000000eab00000,0x00000000f557d118,0x00000000f5580000)
  to   space 174592K, 0% used [0x00000000f5580000,0x00000000f5580000,0x0000000100000000)
 ParOldGen       total 358912K, used 270681K [0x00000000a0000000, 0x00000000b5e80000, 0x00000000e0000000)
  object space 358912K, 75% used [0x00000000a0000000,0x00000000b0856710,0x00000000b5e80000)
 Metaspace       used 106968K, capacity 112252K, committed 112472K, reserved 1146880K
  class space    used 13621K, capacity 14632K, committed 14720K, reserved 1048576K
}
Event: 2141.437 GC heap before
{Heap before GC invocations=115 (full 9):
 PSYoungGen      total 349696K, used 349684K [0x00000000e0000000, 0x0000000100000000, 0x0000000100000000)
  eden space 175104K, 100% used [0x00000000e0000000,0x00000000eab00000,0x00000000eab00000)
  from space 174592K, 99% used [0x00000000eab00000,0x00000000f557d118,0x00000000f5580000)
  to   space 174592K, 0% used [0x00000000f5580000,0x00000000f5580000,0x0000000100000000)
 ParOldGen       total 358912K, used 270681K [0x00000000a0000000, 0x00000000b5e80000, 0x00000000e0000000)
  object space 358912K, 75% used [0x00000000a0000000,0x00000000b0856710,0x00000000b5e80000)
 Metaspace       used 106970K, capacity 112252K, committed 112472K, reserved 1146880K
  class space    used 13622K, capacity 14632K, committed 14720K, reserved 1048576K
Event: 2141.671 GC heap after
Heap after GC invocations=115 (full 9):
 PSYoungGen      total 349696K, used 174562K [0x00000000e0000000, 0x0000000100000000, 0x0000000100000000)
  eden space 175104K, 0% used [0x00000000e0000000,0x00000000e0000000,0x00000000eab00000)
  from space 174592K, 99% used [0x00000000f5580000,0x00000000ffff8850,0x0000000100000000)
  to   space 174592K, 0% used [0x00000000eab00000,0x00000000eab00000,0x00000000f5580000)
 ParOldGen       total 358912K, used 304589K [0x00000000a0000000, 0x00000000b5e80000, 0x00000000e0000000)
  object space 358912K, 84% used [0x00000000a0000000,0x00000000b2973720,0x00000000b5e80000)
 Metaspace       used 106970K, capacity 112252K, committed 112472K, reserved 1146880K
  class space    used 13622K, capacity 14632K, committed 14720K, reserved 1048576K
}
Event: 2142.167 GC heap before
{Heap before GC invocations=116 (full 9):
 PSYoungGen      total 349696K, used 349666K [0x00000000e0000000, 0x0000000100000000, 0x0000000100000000)
  eden space 175104K, 100% used [0x00000000e0000000,0x00000000eab00000,0x00000000eab00000)
  from space 174592K, 99% used [0x00000000f5580000,0x00000000ffff8850,0x0000000100000000)
  to   space 174592K, 0% used [0x00000000eab00000,0x00000000eab00000,0x00000000f5580000)
 ParOldGen       total 358912K, used 304589K [0x00000000a0000000, 0x00000000b5e80000, 0x00000000e0000000)
  object space 358912K, 84% used [0x00000000a0000000,0x00000000b2973720,0x00000000b5e80000)
 Metaspace       used 106970K, capacity 112252K, committed 112472K, reserved 1146880K
  class space    used 13622K, capacity 14632K, committed 14720K, reserved 1048576K
Event: 2142.474 GC heap after
Heap after GC invocations=116 (full 9):
 PSYoungGen      total 349696K, used 162368K [0x00000000e0000000, 0x0000000100000000, 0x0000000100000000)
  eden space 175104K, 0% used [0x00000000e0000000,0x00000000e0000000,0x00000000eab00000)
  from space 174592K, 92% used [0x00000000eab00000,0x00000000f4990378,0x00000000f5580000)
  to   space 174592K, 0% used [0x00000000f5580000,0x00000000f5580000,0x0000000100000000)
 ParOldGen       total 358912K, used 344458K [0x00000000a0000000, 0x00000000b5e80000, 0x00000000e0000000)
  object space 358912K, 95% used [0x00000000a0000000,0x00000000b5062b20,0x00000000b5e80000)
 Metaspace       used 106970K, capacity 112252K, committed 112472K, reserved 1146880K
  class space    used 13622K, capacity 14632K, committed 14720K, reserved 1048576K
}
Event: 2142.474 GC heap before
{Heap before GC invocations=117 (full 10):
 PSYoungGen      total 349696K, used 162368K [0x00000000e0000000, 0x0000000100000000, 0x0000000100000000)
  eden space 175104K, 0% used [0x00000000e0000000,0x00000000e0000000,0x00000000eab00000)
  from space 174592K, 92% used [0x00000000eab00000,0x00000000f4990378,0x00000000f5580000)
  to   space 174592K, 0% used [0x00000000f5580000,0x00000000f5580000,0x0000000100000000)
 ParOldGen       total 358912K, used 344458K [0x00000000a0000000, 0x00000000b5e80000, 0x00000000e0000000)
  object space 358912K, 95% used [0x00000000a0000000,0x00000000b5062b20,0x00000000b5e80000)
 Metaspace       used 106970K, capacity 112252K, committed 112472K, reserved 1146880K
  class space    used 13622K, capacity 14632K, committed 14720K, reserved 1048576K

