# JRE version: OpenJDK Runtime Environment (8.0_212) (build 1.8.0_212-release-1586-b4-5784211)
# Java VM: OpenJDK 64-Bit Server VM (25.212-b4-5784211 mixed mode linux-amd64 compressed oops)
Heap:
 PSYoungGen      total 349696K, used 0K [0x00000000e0000000, 0x0000000100000000, 0x0000000100000000)
  eden space 175104K, 0% used [0x00000000e0000000,0x00000000e0000000,0x00000000eab00000)
  from space 174592K, 0% used [0x00000000eab00000,0x00000000eab00000,0x00000000f5580000)
  to   space 174592K, 0% used [0x00000000f5580000,0x00000000f5580000,0x0000000100000000)
 ParOldGen       total 409600K, used 401653K [0x00000000a0000000, 0x00000000b9000000, 0x00000000e0000000)
  object space 409600K, 98% used [0x00000000a0000000,0x00000000b883d448,0x00000000b9000000)
 Metaspace       used 114543K, capacity 121038K, committed 121512K, reserved 1155072K
  class space    used 14734K, capacity 15949K, committed 16040K, reserved 1048576K
GC Heap History (10 events):
Event: 277.698 GC heap after
Heap after GC invocations=57 (full 8):
 PSYoungGen      total 349696K, used 174581K [0x00000000e0000000, 0x0000000100000000, 0x0000000100000000)
  eden space 175104K, 0% used [0x00000000e0000000,0x00000000e0000000,0x00000000eab00000)
  from space 174592K, 99% used [0x00000000eab00000,0x00000000f557d510,0x00000000f5580000)
  to   space 174592K, 0% used [0x00000000f5580000,0x00000000f5580000,0x0000000100000000)
 ParOldGen       total 409600K, used 229867K [0x00000000a0000000, 0x00000000b9000000, 0x00000000e0000000)
  object space 409600K, 56% used [0x00000000a0000000,0x00000000ae07acb8,0x00000000b9000000)
 Metaspace       used 114536K, capacity 121030K, committed 121512K, reserved 1155072K
  class space    used 14733K, capacity 15949K, committed 16040K, reserved 1048576K
}
Event: 278.173 GC heap before
{Heap before GC invocations=58 (full 8):
 PSYoungGen      total 349696K, used 349685K [0x00000000e0000000, 0x0000000100000000, 0x0000000100000000)
  eden space 175104K, 100% used [0x00000000e0000000,0x00000000eab00000,0x00000000eab00000)
  from space 174592K, 99% used [0x00000000eab00000,0x00000000f557d510,0x00000000f5580000)
  to   space 174592K, 0% used [0x00000000f5580000,0x00000000f5580000,0x0000000100000000)
 ParOldGen       total 409600K, used 229867K [0x00000000a0000000, 0x00000000b9000000, 0x00000000e0000000)
  object space 409600K, 56% used [0x00000000a0000000,0x00000000ae07acb8,0x00000000b9000000)
 Metaspace       used 114536K, capacity 121030K, committed 121512K, reserved 1155072K
  class space    used 14733K, capacity 15949K, committed 16040K, reserved 1048576K
Event: 278.333 GC heap after
Heap after GC invocations=58 (full 8):
 PSYoungGen      total 349696K, used 174581K [0x00000000e0000000, 0x0000000100000000, 0x0000000100000000)
  eden space 175104K, 0% used [0x00000000e0000000,0x00000000e0000000,0x00000000eab00000)
  from space 174592K, 99% used [0x00000000f5580000,0x00000000ffffd438,0x0000000100000000)
  to   space 174592K, 0% used [0x00000000eab00000,0x00000000eab00000,0x00000000f5580000)
 ParOldGen       total 409600K, used 236223K [0x00000000a0000000, 0x00000000b9000000, 0x00000000e0000000)
  object space 409600K, 57% used [0x00000000a0000000,0x00000000ae6afe48,0x00000000b9000000)
 Metaspace       used 114536K, capacity 121030K, committed 121512K, reserved 1155072K
  class space    used 14733K, capacity 15949K, committed 16040K, reserved 1048576K
}
Event: 279.280 GC heap before
{Heap before GC invocations=59 (full 8):
 PSYoungGen      total 349696K, used 349685K [0x00000000e0000000, 0x0000000100000000, 0x0000000100000000)
  eden space 175104K, 100% used [0x00000000e0000000,0x00000000eab00000,0x00000000eab00000)
  from space 174592K, 99% used [0x00000000f5580000,0x00000000ffffd438,0x0000000100000000)
  to   space 174592K, 0% used [0x00000000eab00000,0x00000000eab00000,0x00000000f5580000)
 ParOldGen       total 409600K, used 236223K [0x00000000a0000000, 0x00000000b9000000, 0x00000000e0000000)
  object space 409600K, 57% used [0x00000000a0000000,0x00000000ae6afe48,0x00000000b9000000)
 Metaspace       used 114537K, capacity 121030K, committed 121512K, reserved 1155072K
  class space    used 14734K, capacity 15949K, committed 16040K, reserved 1048576K
Event: 279.456 GC heap after
Heap after GC invocations=59 (full 8):
 PSYoungGen      total 349696K, used 174565K [0x00000000e0000000, 0x0000000100000000, 0x0000000100000000)
  eden space 175104K, 0% used [0x00000000e0000000,0x00000000e0000000,0x00000000eab00000)
  from space 174592K, 99% used [0x00000000eab00000,0x00000000f55795d0,0x00000000f5580000)
  to   space 174592K, 0% used [0x00000000f5580000,0x00000000f5580000,0x0000000100000000)
 ParOldGen       total 409600K, used 258926K [0x00000000a0000000, 0x00000000b9000000, 0x00000000e0000000)
  object space 409600K, 63% used [0x00000000a0000000,0x00000000afcdb9c8,0x00000000b9000000)
 Metaspace       used 114537K, capacity 121030K, committed 121512K, reserved 1155072K
  class space    used 14734K, capacity 15949K, committed 16040K, reserved 1048576K
}
Event: 280.374 GC heap before
{Heap before GC invocations=60 (full 8):
 PSYoungGen      total 349696K, used 349669K [0x00000000e0000000, 0x0000000100000000, 0x0000000100000000)
  eden space 175104K, 100% used [0x00000000e0000000,0x00000000eab00000,0x00000000eab00000)
  from space 174592K, 99% used [0x00000000eab00000,0x00000000f55795d0,0x00000000f5580000)
  to   space 174592K, 0% used [0x00000000f5580000,0x00000000f5580000,0x0000000100000000)
 ParOldGen       total 409600K, used 258926K [0x00000000a0000000, 0x00000000b9000000, 0x00000000e0000000)
  object space 409600K, 63% used [0x00000000a0000000,0x00000000afcdb9c8,0x00000000b9000000)
 Metaspace       used 114538K, capacity 121034K, committed 121512K, reserved 1155072K
  class space    used 14734K, capacity 15949K, committed 16040K, reserved 1048576K
Event: 280.568 GC heap after
Heap after GC invocations=60 (full 8):
 PSYoungGen      total 349696K, used 174583K [0x00000000e0000000, 0x0000000100000000, 0x0000000100000000)
  eden space 175104K, 0% used [0x00000000e0000000,0x00000000e0000000,0x00000000eab00000)
  from space 174592K, 99% used [0x00000000f5580000,0x00000000ffffdc40,0x0000000100000000)
  to   space 174592K, 0% used [0x00000000eab00000,0x00000000eab00000,0x00000000f5580000)
 ParOldGen       total 409600K, used 292194K [0x00000000a0000000, 0x00000000b9000000, 0x00000000e0000000)
  object space 409600K, 71% used [0x00000000a0000000,0x00000000b1d58a60,0x00000000b9000000)
 Metaspace       used 114538K, capacity 121034K, committed 121512K, reserved 1155072K
  class space    used 14734K, capacity 15949K, committed 16040K, reserved 1048576K
}
Event: 281.426 GC heap before
{Heap before GC invocations=61 (full 8):
 PSYoungGen      total 349696K, used 349687K [0x00000000e0000000, 0x0000000100000000, 0x0000000100000000)
  eden space 175104K, 100% used [0x00000000e0000000,0x00000000eab00000,0x00000000eab00000)
  from space 174592K, 99% used [0x00000000f5580000,0x00000000ffffdc40,0x0000000100000000)
  to   space 174592K, 0% used [0x00000000eab00000,0x00000000eab00000,0x00000000f5580000)
 ParOldGen       total 409600K, used 292194K [0x00000000a0000000, 0x00000000b9000000, 0x00000000e0000000)
  object space 409600K, 71% used [0x00000000a0000000,0x00000000b1d58a60,0x00000000b9000000)
 Metaspace       used 114543K, capacity 121038K, committed 121512K, reserved 1155072K
  class space    used 14734K, capacity 15949K, committed 16040K, reserved 1048576K
Event: 281.632 GC heap after
Heap after GC invocations=61 (full 8):
 PSYoungGen      total 349696K, used 142441K [0x00000000e0000000, 0x0000000100000000, 0x0000000100000000)
  eden space 175104K, 0% used [0x00000000e0000000,0x00000000e0000000,0x00000000eab00000)
  from space 174592K, 81% used [0x00000000eab00000,0x00000000f361a460,0x00000000f5580000)
  to   space 174592K, 0% used [0x00000000f5580000,0x00000000f5580000,0x0000000100000000)
 ParOldGen       total 409600K, used 345771K [0x00000000a0000000, 0x00000000b9000000, 0x00000000e0000000)
  object space 409600K, 84% used [0x00000000a0000000,0x00000000b51aaf98,0x00000000b9000000)
 Metaspace       used 114543K, capacity 121038K, committed 121512K, reserved 1155072K
  class space    used 14734K, capacity 15949K, committed 16040K, reserved 1048576K
}
Event: 281.632 GC heap before
{Heap before GC invocations=62 (full 9):
 PSYoungGen      total 349696K, used 142441K [0x00000000e0000000, 0x0000000100000000, 0x0000000100000000)
  eden space 175104K, 0% used [0x00000000e0000000,0x00000000e0000000,0x00000000eab00000)
  from space 174592K, 81% used [0x00000000eab00000,0x00000000f361a460,0x00000000f5580000)
  to   space 174592K, 0% used [0x00000000f5580000,0x00000000f5580000,0x0000000100000000)
 ParOldGen       total 409600K, used 345771K [0x00000000a0000000, 0x00000000b9000000, 0x00000000e0000000)
  object space 409600K, 84% used [0x00000000a0000000,0x00000000b51aaf98,0x00000000b9000000)
 Metaspace       used 114543K, capacity 121038K, committed 121512K, reserved 1155072K
  class space    used 14734K, capacity 15949K, committed 16040K, reserved 1048576K

