# JRE version: OpenJDK Runtime Environment (8.0_212) (build 1.8.0_212-release-1586-b4-5784211)
# Java VM: OpenJDK 64-Bit Server VM (25.212-b4-5784211 mixed mode linux-amd64 compressed oops)
Heap:
 PSYoungGen      total 349696K, used 0K [0x00000000e0000000, 0x0000000100000000, 0x0000000100000000)
  eden space 175104K, 0% used [0x00000000e0000000,0x00000000e0000000,0x00000000eab00000)
  from space 174592K, 0% used [0x00000000eab00000,0x00000000eab00000,0x00000000f5580000)
  to   space 174592K, 0% used [0x00000000f5580000,0x00000000f5580000,0x0000000100000000)
 ParOldGen       total 473600K, used 351604K [0x00000000a0000000, 0x00000000bce80000, 0x00000000e0000000)
  object space 473600K, 74% used [0x00000000a0000000,0x00000000b575d280,0x00000000bce80000)
 Metaspace       used 125609K, capacity 133318K, committed 139688K, reserved 1171456K
  class space    used 15673K, capacity 17065K, committed 17832K, reserved 1048576K
GC Heap History (10 events):
Event: 6541.615 GC heap after
Heap after GC invocations=390 (full 19):
 PSYoungGen      total 349184K, used 140255K [0x00000000e0000000, 0x0000000100000000, 0x0000000100000000)
  eden space 208896K, 0% used [0x00000000e0000000,0x00000000e0000000,0x00000000ecc00000)
  from space 140288K, 99% used [0x00000000ecc00000,0x00000000f54f7da8,0x00000000f5500000)
  to   space 174592K, 0% used [0x00000000f5580000,0x00000000f5580000,0x0000000100000000)
 ParOldGen       total 473600K, used 165436K [0x00000000a0000000, 0x00000000bce80000, 0x00000000e0000000)
  object space 473600K, 34% used [0x00000000a0000000,0x00000000aa18f1a0,0x00000000bce80000)
 Metaspace       used 131548K, capacity 139368K, committed 139688K, reserved 1171456K
  class space    used 16311K, capacity 17744K, committed 17832K, reserved 1048576K
}
Event: 6541.907 GC heap before
{Heap before GC invocations=391 (full 19):
 PSYoungGen      total 349184K, used 349151K [0x00000000e0000000, 0x0000000100000000, 0x0000000100000000)
  eden space 208896K, 100% used [0x00000000e0000000,0x00000000ecc00000,0x00000000ecc00000)
  from space 140288K, 99% used [0x00000000ecc00000,0x00000000f54f7da8,0x00000000f5500000)
  to   space 174592K, 0% used [0x00000000f5580000,0x00000000f5580000,0x0000000100000000)
 ParOldGen       total 473600K, used 165436K [0x00000000a0000000, 0x00000000bce80000, 0x00000000e0000000)
  object space 473600K, 34% used [0x00000000a0000000,0x00000000aa18f1a0,0x00000000bce80000)
 Metaspace       used 131548K, capacity 139368K, committed 139688K, reserved 1171456K
  class space    used 16311K, capacity 17744K, committed 17832K, reserved 1048576K
Event: 6542.060 GC heap after
Heap after GC invocations=391 (full 19):
 PSYoungGen      total 349696K, used 174578K [0x00000000e0000000, 0x0000000100000000, 0x0000000100000000)
  eden space 175104K, 0% used [0x00000000e0000000,0x00000000e0000000,0x00000000eab00000)
  from space 174592K, 99% used [0x00000000f5580000,0x00000000ffffca08,0x0000000100000000)
  to   space 174592K, 0% used [0x00000000eab00000,0x00000000eab00000,0x00000000f5580000)
 ParOldGen       total 473600K, used 179253K [0x00000000a0000000, 0x00000000bce80000, 0x00000000e0000000)
  object space 473600K, 37% used [0x00000000a0000000,0x00000000aaf0d558,0x00000000bce80000)
 Metaspace       used 131548K, capacity 139368K, committed 139688K, reserved 1171456K
  class space    used 16311K, capacity 17744K, committed 17832K, reserved 1048576K
}
Event: 6542.314 GC heap before
{Heap before GC invocations=392 (full 19):
 PSYoungGen      total 349696K, used 349682K [0x00000000e0000000, 0x0000000100000000, 0x0000000100000000)
  eden space 175104K, 100% used [0x00000000e0000000,0x00000000eab00000,0x00000000eab00000)
  from space 174592K, 99% used [0x00000000f5580000,0x00000000ffffca08,0x0000000100000000)
  to   space 174592K, 0% used [0x00000000eab00000,0x00000000eab00000,0x00000000f5580000)
 ParOldGen       total 473600K, used 179253K [0x00000000a0000000, 0x00000000bce80000, 0x00000000e0000000)
  object space 473600K, 37% used [0x00000000a0000000,0x00000000aaf0d558,0x00000000bce80000)
 Metaspace       used 131548K, capacity 139368K, committed 139688K, reserved 1171456K
  class space    used 16311K, capacity 17744K, committed 17832K, reserved 1048576K
Event: 6542.546 GC heap after
Heap after GC invocations=392 (full 19):
 PSYoungGen      total 349696K, used 130370K [0x00000000e0000000, 0x0000000100000000, 0x0000000100000000)
  eden space 175104K, 0% used [0x00000000e0000000,0x00000000e0000000,0x00000000eab00000)
  from space 174592K, 74% used [0x00000000eab00000,0x00000000f2a50818,0x00000000f5580000)
  to   space 174592K, 0% used [0x00000000f5580000,0x00000000f5580000,0x0000000100000000)
 ParOldGen       total 473600K, used 261915K [0x00000000a0000000, 0x00000000bce80000, 0x00000000e0000000)
  object space 473600K, 55% used [0x00000000a0000000,0x00000000affc6d38,0x00000000bce80000)
 Metaspace       used 131548K, capacity 139368K, committed 139688K, reserved 1171456K
  class space    used 16311K, capacity 17744K, committed 17832K, reserved 1048576K
}
Event: 6542.787 GC heap before
{Heap before GC invocations=393 (full 19):
 PSYoungGen      total 349696K, used 305474K [0x00000000e0000000, 0x0000000100000000, 0x0000000100000000)
  eden space 175104K, 100% used [0x00000000e0000000,0x00000000eab00000,0x00000000eab00000)
  from space 174592K, 74% used [0x00000000eab00000,0x00000000f2a50818,0x00000000f5580000)
  to   space 174592K, 0% used [0x00000000f5580000,0x00000000f5580000,0x0000000100000000)
 ParOldGen       total 473600K, used 261915K [0x00000000a0000000, 0x00000000bce80000, 0x00000000e0000000)
  object space 473600K, 55% used [0x00000000a0000000,0x00000000affc6d38,0x00000000bce80000)
 Metaspace       used 131548K, capacity 139368K, committed 139688K, reserved 1171456K
  class space    used 16311K, capacity 17744K, committed 17832K, reserved 1048576K
Event: 6542.922 GC heap after
Heap after GC invocations=393 (full 19):
 PSYoungGen      total 349696K, used 48333K [0x00000000e0000000, 0x0000000100000000, 0x0000000100000000)
  eden space 175104K, 0% used [0x00000000e0000000,0x00000000e0000000,0x00000000eab00000)
  from space 174592K, 27% used [0x00000000f5580000,0x00000000f84b3490,0x0000000100000000)
  to   space 174592K, 0% used [0x00000000eab00000,0x00000000eab00000,0x00000000f5580000)
 ParOldGen       total 473600K, used 350618K [0x00000000a0000000, 0x00000000bce80000, 0x00000000e0000000)
  object space 473600K, 74% used [0x00000000a0000000,0x00000000b56669c0,0x00000000bce80000)
 Metaspace       used 131548K, capacity 139368K, committed 139688K, reserved 1171456K
  class space    used 16311K, capacity 17744K, committed 17832K, reserved 1048576K
}
Event: 6543.368 GC heap before
{Heap before GC invocations=394 (full 19):
 PSYoungGen      total 349696K, used 223437K [0x00000000e0000000, 0x0000000100000000, 0x0000000100000000)
  eden space 175104K, 100% used [0x00000000e0000000,0x00000000eab00000,0x00000000eab00000)
  from space 174592K, 27% used [0x00000000f5580000,0x00000000f84b3490,0x0000000100000000)
  to   space 174592K, 0% used [0x00000000eab00000,0x00000000eab00000,0x00000000f5580000)
 ParOldGen       total 473600K, used 350618K [0x00000000a0000000, 0x00000000bce80000, 0x00000000e0000000)
  object space 473600K, 74% used [0x00000000a0000000,0x00000000b56669c0,0x00000000bce80000)
 Metaspace       used 131548K, capacity 139368K, committed 139688K, reserved 1171456K
  class space    used 16311K, capacity 17744K, committed 17832K, reserved 1048576K
Event: 6543.420 GC heap after
Heap after GC invocations=394 (full 19):
 PSYoungGen      total 349696K, used 7664K [0x00000000e0000000, 0x0000000100000000, 0x0000000100000000)
  eden space 175104K, 0% used [0x00000000e0000000,0x00000000e0000000,0x00000000eab00000)
  from space 174592K, 4% used [0x00000000eab00000,0x00000000eb27c040,0x00000000f5580000)
  to   space 174592K, 0% used [0x00000000f5580000,0x00000000f5580000,0x0000000100000000)
 ParOldGen       total 473600K, used 397101K [0x00000000a0000000, 0x00000000bce80000, 0x00000000e0000000)
  object space 473600K, 83% used [0x00000000a0000000,0x00000000b83cb7d0,0x00000000bce80000)
 Metaspace       used 131548K, capacity 139368K, committed 139688K, reserved 1171456K
  class space    used 16311K, capacity 17744K, committed 17832K, reserved 1048576K
}
Event: 6543.420 GC heap before
{Heap before GC invocations=395 (full 20):
 PSYoungGen      total 349696K, used 7664K [0x00000000e0000000, 0x0000000100000000, 0x0000000100000000)
  eden space 175104K, 0% used [0x00000000e0000000,0x00000000e0000000,0x00000000eab00000)
  from space 174592K, 4% used [0x00000000eab00000,0x00000000eb27c040,0x00000000f5580000)
  to   space 174592K, 0% used [0x00000000f5580000,0x00000000f5580000,0x0000000100000000)
 ParOldGen       total 473600K, used 397101K [0x00000000a0000000, 0x00000000bce80000, 0x00000000e0000000)
  object space 473600K, 83% used [0x00000000a0000000,0x00000000b83cb7d0,0x00000000bce80000)
 Metaspace       used 131548K, capacity 139368K, committed 139688K, reserved 1171456K
  class space    used 16311K, capacity 17744K, committed 17832K, reserved 1048576K

