# JRE version: OpenJDK Runtime Environment (8.0_212) (build 1.8.0_212-release-1586-b4-5784211)
# Java VM: OpenJDK 64-Bit Server VM (25.212-b4-5784211 mixed mode linux-amd64 compressed oops)
Heap:
 PSYoungGen      total 429568K, used 36476K [0x00000000e0000000, 0x0000000100000000, 0x0000000100000000)
  eden space 379904K, 0% used [0x00000000e0000000,0x00000000e0000000,0x00000000f7300000)
  from space 49664K, 73% used [0x00000000fcf80000,0x00000000ff31f0e0,0x0000000100000000)
  to   space 72192K, 0% used [0x00000000f7300000,0x00000000f7300000,0x00000000fb980000)
 ParOldGen       total 136192K, used 135866K [0x00000000a0000000, 0x00000000a8500000, 0x00000000e0000000)
  object space 136192K, 99% used [0x00000000a0000000,0x00000000a84aeb70,0x00000000a8500000)
 Metaspace       used 145370K, capacity 152460K, committed 155264K, reserved 1183744K
  class space    used 18185K, capacity 19516K, committed 20096K, reserved 1048576K
GC Heap History (10 events):
Event: 11583.097 GC heap after
Heap after GC invocations=45 (full 5):
 PSYoungGen      total 468480K, used 0K [0x00000000e0000000, 0x0000000100000000, 0x0000000100000000)
  eden space 429056K, 0% used [0x00000000e0000000,0x00000000e0000000,0x00000000fa300000)
  from space 39424K, 0% used [0x00000000fd980000,0x00000000fd980000,0x0000000100000000)
  to   space 47616K, 0% used [0x00000000fa300000,0x00000000fa300000,0x00000000fd180000)
 ParOldGen       total 136192K, used 88692K [0x00000000a0000000, 0x00000000a8500000, 0x00000000e0000000)
  object space 136192K, 65% used [0x00000000a0000000,0x00000000a569d1d8,0x00000000a8500000)
 Metaspace       used 123693K, capacity 129718K, committed 136064K, reserved 1167360K
  class space    used 15556K, capacity 16653K, committed 18048K, reserved 1048576K
}
Event: 11594.111 GC heap before
{Heap before GC invocations=46 (full 5):
 PSYoungGen      total 468480K, used 429056K [0x00000000e0000000, 0x0000000100000000, 0x0000000100000000)
  eden space 429056K, 100% used [0x00000000e0000000,0x00000000fa300000,0x00000000fa300000)
  from space 39424K, 0% used [0x00000000fd980000,0x00000000fd980000,0x0000000100000000)
  to   space 47616K, 0% used [0x00000000fa300000,0x00000000fa300000,0x00000000fd180000)
 ParOldGen       total 136192K, used 88692K [0x00000000a0000000, 0x00000000a8500000, 0x00000000e0000000)
  object space 136192K, 65% used [0x00000000a0000000,0x00000000a569d1d8,0x00000000a8500000)
 Metaspace       used 124537K, capacity 130704K, committed 136064K, reserved 1167360K
  class space    used 15644K, capacity 16782K, committed 18048K, reserved 1048576K
Event: 11594.150 GC heap after
Heap after GC invocations=46 (full 5):
 PSYoungGen      total 476672K, used 31502K [0x00000000e0000000, 0x0000000100000000, 0x0000000100000000)
  eden space 429056K, 0% used [0x00000000e0000000,0x00000000e0000000,0x00000000fa300000)
  from space 47616K, 66% used [0x00000000fa300000,0x00000000fc1c3998,0x00000000fd180000)
  to   space 47616K, 0% used [0x00000000fd180000,0x00000000fd180000,0x0000000100000000)
 ParOldGen       total 136192K, used 88700K [0x00000000a0000000, 0x00000000a8500000, 0x00000000e0000000)
  object space 136192K, 65% used [0x00000000a0000000,0x00000000a569f1d8,0x00000000a8500000)
 Metaspace       used 124537K, capacity 130704K, committed 136064K, reserved 1167360K
  class space    used 15644K, capacity 16782K, committed 18048K, reserved 1048576K
}
Event: 11594.730 GC heap before
{Heap before GC invocations=47 (full 5):
 PSYoungGen      total 476672K, used 460558K [0x00000000e0000000, 0x0000000100000000, 0x0000000100000000)
  eden space 429056K, 100% used [0x00000000e0000000,0x00000000fa300000,0x00000000fa300000)
  from space 47616K, 66% used [0x00000000fa300000,0x00000000fc1c3998,0x00000000fd180000)
  to   space 47616K, 0% used [0x00000000fd180000,0x00000000fd180000,0x0000000100000000)
 ParOldGen       total 136192K, used 88700K [0x00000000a0000000, 0x00000000a8500000, 0x00000000e0000000)
  object space 136192K, 65% used [0x00000000a0000000,0x00000000a569f1d8,0x00000000a8500000)
 Metaspace       used 124545K, capacity 130768K, committed 136064K, reserved 1167360K
  class space    used 15645K, capacity 16782K, committed 18048K, reserved 1048576K
Event: 11594.760 GC heap after
Heap after GC invocations=47 (full 5):
 PSYoungGen      total 473600K, used 34792K [0x00000000e0000000, 0x0000000100000000, 0x0000000100000000)
  eden space 425984K, 0% used [0x00000000e0000000,0x00000000e0000000,0x00000000fa000000)
  from space 47616K, 73% used [0x00000000fd180000,0x00000000ff37a2e0,0x0000000100000000)
  to   space 49152K, 0% used [0x00000000fa000000,0x00000000fa000000,0x00000000fd000000)
 ParOldGen       total 136192K, used 88708K [0x00000000a0000000, 0x00000000a8500000, 0x00000000e0000000)
  object space 136192K, 65% used [0x00000000a0000000,0x00000000a56a11d8,0x00000000a8500000)
 Metaspace       used 124545K, capacity 130768K, committed 136064K, reserved 1167360K
  class space    used 15645K, capacity 16782K, committed 18048K, reserved 1048576K
}
Event: 11597.170 GC heap before
{Heap before GC invocations=48 (full 5):
 PSYoungGen      total 473600K, used 460776K [0x00000000e0000000, 0x0000000100000000, 0x0000000100000000)
  eden space 425984K, 100% used [0x00000000e0000000,0x00000000fa000000,0x00000000fa000000)
  from space 47616K, 73% used [0x00000000fd180000,0x00000000ff37a2e0,0x0000000100000000)
  to   space 49152K, 0% used [0x00000000fa000000,0x00000000fa000000,0x00000000fd000000)
 ParOldGen       total 136192K, used 88708K [0x00000000a0000000, 0x00000000a8500000, 0x00000000e0000000)
  object space 136192K, 65% used [0x00000000a0000000,0x00000000a56a11d8,0x00000000a8500000)
 Metaspace       used 130766K, capacity 137090K, committed 141312K, reserved 1171456K
  class space    used 16330K, capacity 17485K, committed 18432K, reserved 1048576K
Event: 11597.207 GC heap after
Heap after GC invocations=48 (full 5):
 PSYoungGen      total 460288K, used 33973K [0x00000000e0000000, 0x0000000100000000, 0x0000000100000000)
  eden space 425984K, 0% used [0x00000000e0000000,0x00000000e0000000,0x00000000fa000000)
  from space 34304K, 99% used [0x00000000fa000000,0x00000000fc12d610,0x00000000fc180000)
  to   space 49664K, 0% used [0x00000000fcf80000,0x00000000fcf80000,0x0000000100000000)
 ParOldGen       total 136192K, used 88716K [0x00000000a0000000, 0x00000000a8500000, 0x00000000e0000000)
  object space 136192K, 65% used [0x00000000a0000000,0x00000000a56a31d8,0x00000000a8500000)
 Metaspace       used 130766K, capacity 137090K, committed 141312K, reserved 1171456K
  class space    used 16330K, capacity 17485K, committed 18432K, reserved 1048576K
}
Event: 11600.126 GC heap before
{Heap before GC invocations=49 (full 5):
 PSYoungGen      total 460288K, used 459957K [0x00000000e0000000, 0x0000000100000000, 0x0000000100000000)
  eden space 425984K, 100% used [0x00000000e0000000,0x00000000fa000000,0x00000000fa000000)
  from space 34304K, 99% used [0x00000000fa000000,0x00000000fc12d610,0x00000000fc180000)
  to   space 49664K, 0% used [0x00000000fcf80000,0x00000000fcf80000,0x0000000100000000)
 ParOldGen       total 136192K, used 88716K [0x00000000a0000000, 0x00000000a8500000, 0x00000000e0000000)
  object space 136192K, 65% used [0x00000000a0000000,0x00000000a56a31d8,0x00000000a8500000)
 Metaspace       used 145589K, capacity 152866K, committed 155264K, reserved 1183744K
  class space    used 18269K, capacity 19669K, committed 20096K, reserved 1048576K
Event: 11600.266 GC heap after
Heap after GC invocations=49 (full 5):
 PSYoungGen      total 429568K, used 49650K [0x00000000e0000000, 0x0000000100000000, 0x0000000100000000)
  eden space 379904K, 0% used [0x00000000e0000000,0x00000000e0000000,0x00000000f7300000)
  from space 49664K, 99% used [0x00000000fcf80000,0x00000000ffffc870,0x0000000100000000)
  to   space 72192K, 0% used [0x00000000f7300000,0x00000000f7300000,0x00000000fb980000)
 ParOldGen       total 136192K, used 133104K [0x00000000a0000000, 0x00000000a8500000, 0x00000000e0000000)
  object space 136192K, 97% used [0x00000000a0000000,0x00000000a81fc0b0,0x00000000a8500000)
 Metaspace       used 145589K, capacity 152866K, committed 155264K, reserved 1183744K
  class space    used 18269K, capacity 19669K, committed 20096K, reserved 1048576K
}
Event: 11600.267 GC heap before
{Heap before GC invocations=50 (full 6):
 PSYoungGen      total 429568K, used 49650K [0x00000000e0000000, 0x0000000100000000, 0x0000000100000000)
  eden space 379904K, 0% used [0x00000000e0000000,0x00000000e0000000,0x00000000f7300000)
  from space 49664K, 99% used [0x00000000fcf80000,0x00000000ffffc870,0x0000000100000000)
  to   space 72192K, 0% used [0x00000000f7300000,0x00000000f7300000,0x00000000fb980000)
 ParOldGen       total 136192K, used 133104K [0x00000000a0000000, 0x00000000a8500000, 0x00000000e0000000)
  object space 136192K, 97% used [0x00000000a0000000,0x00000000a81fc0b0,0x00000000a8500000)
 Metaspace       used 145589K, capacity 152866K, committed 155264K, reserved 1183744K
  class space    used 18269K, capacity 19669K, committed 20096K, reserved 1048576K

