# JRE version: OpenJDK Runtime Environment (8.0_212) (build 1.8.0_212-release-1586-b4-5784211)
# Java VM: OpenJDK 64-Bit Server VM (25.212-b4-5784211 mixed mode linux-amd64 compressed oops)
Heap:
 PSYoungGen      total 349696K, used 42197K [0x00000000e0000000, 0x0000000100000000, 0x0000000100000000)
  eden space 175104K, 0% used [0x00000000e0000000,0x00000000e0000000,0x00000000eab00000)
  from space 174592K, 24% used [0x00000000f5580000,0x00000000f7eb5598,0x0000000100000000)
  to   space 174592K, 0% used [0x00000000eab00000,0x00000000eab00000,0x00000000f5580000)
 ParOldGen       total 384000K, used 383688K [0x00000000a0000000, 0x00000000b7700000, 0x00000000e0000000)
  object space 384000K, 99% used [0x00000000a0000000,0x00000000b76b23e0,0x00000000b7700000)
 Metaspace       used 120473K, capacity 126878K, committed 127192K, reserved 1161216K
  class space    used 15097K, capacity 16269K, committed 16384K, reserved 1048576K
GC Heap History (10 events):
Event: 978.223 GC heap after
Heap after GC invocations=116 (full 10):
 PSYoungGen      total 349696K, used 174572K [0x00000000e0000000, 0x0000000100000000, 0x0000000100000000)
  eden space 175104K, 0% used [0x00000000e0000000,0x00000000e0000000,0x00000000eab00000)
  from space 174592K, 99% used [0x00000000f5580000,0x00000000ffffb3e8,0x0000000100000000)
  to   space 174592K, 0% used [0x00000000eab00000,0x00000000eab00000,0x00000000f5580000)
 ParOldGen       total 384000K, used 248131K [0x00000000a0000000, 0x00000000b7700000, 0x00000000e0000000)
  object space 384000K, 64% used [0x00000000a0000000,0x00000000af250d48,0x00000000b7700000)
 Metaspace       used 120471K, capacity 126874K, committed 127192K, reserved 1161216K
  class space    used 15097K, capacity 16269K, committed 16384K, reserved 1048576K
}
Event: 978.483 GC heap before
{Heap before GC invocations=117 (full 10):
 PSYoungGen      total 349696K, used 349676K [0x00000000e0000000, 0x0000000100000000, 0x0000000100000000)
  eden space 175104K, 100% used [0x00000000e0000000,0x00000000eab00000,0x00000000eab00000)
  from space 174592K, 99% used [0x00000000f5580000,0x00000000ffffb3e8,0x0000000100000000)
  to   space 174592K, 0% used [0x00000000eab00000,0x00000000eab00000,0x00000000f5580000)
 ParOldGen       total 384000K, used 248131K [0x00000000a0000000, 0x00000000b7700000, 0x00000000e0000000)
  object space 384000K, 64% used [0x00000000a0000000,0x00000000af250d48,0x00000000b7700000)
 Metaspace       used 120471K, capacity 126874K, committed 127192K, reserved 1161216K
  class space    used 15097K, capacity 16269K, committed 16384K, reserved 1048576K
Event: 978.648 GC heap after
Heap after GC invocations=117 (full 10):
 PSYoungGen      total 349696K, used 174579K [0x00000000e0000000, 0x0000000100000000, 0x0000000100000000)
  eden space 175104K, 0% used [0x00000000e0000000,0x00000000e0000000,0x00000000eab00000)
  from space 174592K, 99% used [0x00000000eab00000,0x00000000f557cfd8,0x00000000f5580000)
  to   space 174592K, 0% used [0x00000000f5580000,0x00000000f5580000,0x0000000100000000)
 ParOldGen       total 384000K, used 254504K [0x00000000a0000000, 0x00000000b7700000, 0x00000000e0000000)
  object space 384000K, 66% used [0x00000000a0000000,0x00000000af88a3d8,0x00000000b7700000)
 Metaspace       used 120471K, capacity 126874K, committed 127192K, reserved 1161216K
  class space    used 15097K, capacity 16269K, committed 16384K, reserved 1048576K
}
Event: 979.446 GC heap before
{Heap before GC invocations=118 (full 10):
 PSYoungGen      total 349696K, used 349683K [0x00000000e0000000, 0x0000000100000000, 0x0000000100000000)
  eden space 175104K, 100% used [0x00000000e0000000,0x00000000eab00000,0x00000000eab00000)
  from space 174592K, 99% used [0x00000000eab00000,0x00000000f557cfd8,0x00000000f5580000)
  to   space 174592K, 0% used [0x00000000f5580000,0x00000000f5580000,0x0000000100000000)
 ParOldGen       total 384000K, used 254504K [0x00000000a0000000, 0x00000000b7700000, 0x00000000e0000000)
  object space 384000K, 66% used [0x00000000a0000000,0x00000000af88a3d8,0x00000000b7700000)
 Metaspace       used 120472K, capacity 126878K, committed 127192K, reserved 1161216K
  class space    used 15097K, capacity 16269K, committed 16384K, reserved 1048576K
Event: 979.697 GC heap after
Heap after GC invocations=118 (full 10):
 PSYoungGen      total 349696K, used 174575K [0x00000000e0000000, 0x0000000100000000, 0x0000000100000000)
  eden space 175104K, 0% used [0x00000000e0000000,0x00000000e0000000,0x00000000eab00000)
  from space 174592K, 99% used [0x00000000f5580000,0x00000000ffffbec8,0x0000000100000000)
  to   space 174592K, 0% used [0x00000000eab00000,0x00000000eab00000,0x00000000f5580000)
 ParOldGen       total 384000K, used 277951K [0x00000000a0000000, 0x00000000b7700000, 0x00000000e0000000)
  object space 384000K, 72% used [0x00000000a0000000,0x00000000b0f6ff78,0x00000000b7700000)
 Metaspace       used 120472K, capacity 126878K, committed 127192K, reserved 1161216K
  class space    used 15097K, capacity 16269K, committed 16384K, reserved 1048576K
}
Event: 980.450 GC heap before
{Heap before GC invocations=119 (full 10):
 PSYoungGen      total 349696K, used 349679K [0x00000000e0000000, 0x0000000100000000, 0x0000000100000000)
  eden space 175104K, 100% used [0x00000000e0000000,0x00000000eab00000,0x00000000eab00000)
  from space 174592K, 99% used [0x00000000f5580000,0x00000000ffffbec8,0x0000000100000000)
  to   space 174592K, 0% used [0x00000000eab00000,0x00000000eab00000,0x00000000f5580000)
 ParOldGen       total 384000K, used 277951K [0x00000000a0000000, 0x00000000b7700000, 0x00000000e0000000)
  object space 384000K, 72% used [0x00000000a0000000,0x00000000b0f6ff78,0x00000000b7700000)
 Metaspace       used 120473K, capacity 126878K, committed 127192K, reserved 1161216K
  class space    used 15097K, capacity 16269K, committed 16384K, reserved 1048576K
Event: 980.788 GC heap after
Heap after GC invocations=119 (full 10):
 PSYoungGen      total 349696K, used 174584K [0x00000000e0000000, 0x0000000100000000, 0x0000000100000000)
  eden space 175104K, 0% used [0x00000000e0000000,0x00000000e0000000,0x00000000eab00000)
  from space 174592K, 99% used [0x00000000eab00000,0x00000000f557e160,0x00000000f5580000)
  to   space 174592K, 0% used [0x00000000f5580000,0x00000000f5580000,0x0000000100000000)
 ParOldGen       total 384000K, used 309181K [0x00000000a0000000, 0x00000000b7700000, 0x00000000e0000000)
  object space 384000K, 80% used [0x00000000a0000000,0x00000000b2def5f0,0x00000000b7700000)
 Metaspace       used 120473K, capacity 126878K, committed 127192K, reserved 1161216K
  class space    used 15097K, capacity 16269K, committed 16384K, reserved 1048576K
}
Event: 981.294 GC heap before
{Heap before GC invocations=120 (full 10):
 PSYoungGen      total 349696K, used 349688K [0x00000000e0000000, 0x0000000100000000, 0x0000000100000000)
  eden space 175104K, 100% used [0x00000000e0000000,0x00000000eab00000,0x00000000eab00000)
  from space 174592K, 99% used [0x00000000eab00000,0x00000000f557e160,0x00000000f5580000)
  to   space 174592K, 0% used [0x00000000f5580000,0x00000000f5580000,0x0000000100000000)
 ParOldGen       total 384000K, used 309181K [0x00000000a0000000, 0x00000000b7700000, 0x00000000e0000000)
  object space 384000K, 80% used [0x00000000a0000000,0x00000000b2def5f0,0x00000000b7700000)
 Metaspace       used 120473K, capacity 126878K, committed 127192K, reserved 1161216K
  class space    used 15097K, capacity 16269K, committed 16384K, reserved 1048576K
Event: 981.532 GC heap after
Heap after GC invocations=120 (full 10):
 PSYoungGen      total 349696K, used 174589K [0x00000000e0000000, 0x0000000100000000, 0x0000000100000000)
  eden space 175104K, 0% used [0x00000000e0000000,0x00000000e0000000,0x00000000eab00000)
  from space 174592K, 99% used [0x00000000f5580000,0x00000000fffff698,0x0000000100000000)
  to   space 174592K, 0% used [0x00000000eab00000,0x00000000eab00000,0x00000000f5580000)
 ParOldGen       total 384000K, used 340067K [0x00000000a0000000, 0x00000000b7700000, 0x00000000e0000000)
  object space 384000K, 88% used [0x00000000a0000000,0x00000000b4c18d68,0x00000000b7700000)
 Metaspace       used 120473K, capacity 126878K, committed 127192K, reserved 1161216K
  class space    used 15097K, capacity 16269K, committed 16384K, reserved 1048576K
}
Event: 981.532 GC heap before
{Heap before GC invocations=121 (full 11):
 PSYoungGen      total 349696K, used 174589K [0x00000000e0000000, 0x0000000100000000, 0x0000000100000000)
  eden space 175104K, 0% used [0x00000000e0000000,0x00000000e0000000,0x00000000eab00000)
  from space 174592K, 99% used [0x00000000f5580000,0x00000000fffff698,0x0000000100000000)
  to   space 174592K, 0% used [0x00000000eab00000,0x00000000eab00000,0x00000000f5580000)
 ParOldGen       total 384000K, used 340067K [0x00000000a0000000, 0x00000000b7700000, 0x00000000e0000000)
  object space 384000K, 88% used [0x00000000a0000000,0x00000000b4c18d68,0x00000000b7700000)
 Metaspace       used 120473K, capacity 126878K, committed 127192K, reserved 1161216K
  class space    used 15097K, capacity 16269K, committed 16384K, reserved 1048576K

