# JRE version: OpenJDK Runtime Environment (8.0_212) (build 1.8.0_212-release-1586-b4-5784211)
# Java VM: OpenJDK 64-Bit Server VM (25.212-b4-5784211 mixed mode linux-amd64 compressed oops)
Heap:
 PSYoungGen      total 401920K, used 8325K [0x00000000e0000000, 0x0000000100000000, 0x0000000100000000)
  eden space 277504K, 0% used [0x00000000e0000000,0x00000000e0000000,0x00000000f0f00000)
  from space 124416K, 6% used [0x00000000f8680000,0x00000000f8ea15d8,0x0000000100000000)
  to   space 122368K, 0% used [0x00000000f0f00000,0x00000000f0f00000,0x00000000f8680000)
 ParOldGen       total 334336K, used 334071K [0x00000000a0000000, 0x00000000b4680000, 0x00000000e0000000)
  object space 334336K, 99% used [0x00000000a0000000,0x00000000b463dfb8,0x00000000b4680000)
 Metaspace       used 94113K, capacity 97226K, committed 97408K, reserved 1134592K
  class space    used 12210K, capacity 12883K, committed 12928K, reserved 1048576K
GC Heap History (10 events):
Event: 31.783 GC heap after
Heap after GC invocations=25 (full 5):
 PSYoungGen      total 309760K, used 65017K [0x00000000e0000000, 0x00000000fda80000, 0x0000000100000000)
  eden space 244736K, 0% used [0x00000000e0000000,0x00000000e0000000,0x00000000eef00000)
  from space 65024K, 99% used [0x00000000eef00000,0x00000000f2e7e688,0x00000000f2e80000)
  to   space 93696K, 0% used [0x00000000f7f00000,0x00000000f7f00000,0x00000000fda80000)
 ParOldGen       total 192512K, used 175529K [0x00000000a0000000, 0x00000000abc00000, 0x00000000e0000000)
  object space 192512K, 91% used [0x00000000a0000000,0x00000000aab6a758,0x00000000abc00000)
 Metaspace       used 93558K, capacity 96576K, committed 96896K, reserved 1132544K
  class space    used 12141K, capacity 12822K, committed 12928K, reserved 1048576K
}
Event: 31.783 GC heap before
{Heap before GC invocations=26 (full 6):
 PSYoungGen      total 309760K, used 65017K [0x00000000e0000000, 0x00000000fda80000, 0x0000000100000000)
  eden space 244736K, 0% used [0x00000000e0000000,0x00000000e0000000,0x00000000eef00000)
  from space 65024K, 99% used [0x00000000eef00000,0x00000000f2e7e688,0x00000000f2e80000)
  to   space 93696K, 0% used [0x00000000f7f00000,0x00000000f7f00000,0x00000000fda80000)
 ParOldGen       total 192512K, used 175529K [0x00000000a0000000, 0x00000000abc00000, 0x00000000e0000000)
  object space 192512K, 91% used [0x00000000a0000000,0x00000000aab6a758,0x00000000abc00000)
 Metaspace       used 93558K, capacity 96576K, committed 96896K, reserved 1132544K
  class space    used 12141K, capacity 12822K, committed 12928K, reserved 1048576K
Event: 32.364 GC heap after
Heap after GC invocations=26 (full 6):
 PSYoungGen      total 309760K, used 1846K [0x00000000e0000000, 0x00000000fda80000, 0x0000000100000000)
  eden space 244736K, 0% used [0x00000000e0000000,0x00000000e0000000,0x00000000eef00000)
  from space 65024K, 2% used [0x00000000eef00000,0x00000000ef0cd918,0x00000000f2e80000)
  to   space 93696K, 0% used [0x00000000f7f00000,0x00000000f7f00000,0x00000000fda80000)
 ParOldGen       total 334336K, used 192370K [0x00000000a0000000, 0x00000000b4680000, 0x00000000e0000000)
  object space 334336K, 57% used [0x00000000a0000000,0x00000000abbdcba8,0x00000000b4680000)
 Metaspace       used 93544K, capacity 96542K, committed 96896K, reserved 1132544K
  class space    used 12136K, capacity 12813K, committed 12928K, reserved 1048576K
}
Event: 32.879 GC heap before
{Heap before GC invocations=27 (full 6):
 PSYoungGen      total 309760K, used 246582K [0x00000000e0000000, 0x00000000fda80000, 0x0000000100000000)
  eden space 244736K, 100% used [0x00000000e0000000,0x00000000eef00000,0x00000000eef00000)
  from space 65024K, 2% used [0x00000000eef00000,0x00000000ef0cd918,0x00000000f2e80000)
  to   space 93696K, 0% used [0x00000000f7f00000,0x00000000f7f00000,0x00000000fda80000)
 ParOldGen       total 334336K, used 192370K [0x00000000a0000000, 0x00000000b4680000, 0x00000000e0000000)
  object space 334336K, 57% used [0x00000000a0000000,0x00000000abbdcba8,0x00000000b4680000)
 Metaspace       used 93548K, capacity 96542K, committed 96896K, reserved 1132544K
  class space    used 12136K, capacity 12813K, committed 12928K, reserved 1048576K
Event: 33.035 GC heap after
Heap after GC invocations=27 (full 6):
 PSYoungGen      total 377856K, used 57366K [0x00000000e0000000, 0x00000000fd680000, 0x0000000100000000)
  eden space 288256K, 0% used [0x00000000e0000000,0x00000000e0000000,0x00000000f1980000)
  from space 89600K, 64% used [0x00000000f7f00000,0x00000000fb705be0,0x00000000fd680000)
  to   space 96768K, 0% used [0x00000000f1980000,0x00000000f1980000,0x00000000f7800000)
 ParOldGen       total 334336K, used 194264K [0x00000000a0000000, 0x00000000b4680000, 0x00000000e0000000)
  object space 334336K, 58% used [0x00000000a0000000,0x00000000abdb6050,0x00000000b4680000)
 Metaspace       used 93548K, capacity 96542K, committed 96896K, reserved 1132544K
  class space    used 12136K, capacity 12813K, committed 12928K, reserved 1048576K
}
Event: 33.806 GC heap before
{Heap before GC invocations=28 (full 6):
 PSYoungGen      total 377856K, used 345622K [0x00000000e0000000, 0x00000000fd680000, 0x0000000100000000)
  eden space 288256K, 100% used [0x00000000e0000000,0x00000000f1980000,0x00000000f1980000)
  from space 89600K, 64% used [0x00000000f7f00000,0x00000000fb705be0,0x00000000fd680000)
  to   space 96768K, 0% used [0x00000000f1980000,0x00000000f1980000,0x00000000f7800000)
 ParOldGen       total 334336K, used 194264K [0x00000000a0000000, 0x00000000b4680000, 0x00000000e0000000)
  object space 334336K, 58% used [0x00000000a0000000,0x00000000abdb6050,0x00000000b4680000)
 Metaspace       used 93599K, capacity 96570K, committed 96896K, reserved 1132544K
  class space    used 12147K, capacity 12819K, committed 12928K, reserved 1048576K
Event: 34.002 GC heap after
Heap after GC invocations=28 (full 6):
 PSYoungGen      total 385024K, used 96764K [0x00000000e0000000, 0x0000000100000000, 0x0000000100000000)
  eden space 288256K, 0% used [0x00000000e0000000,0x00000000e0000000,0x00000000f1980000)
  from space 96768K, 99% used [0x00000000f1980000,0x00000000f77ff3b8,0x00000000f7800000)
  to   space 124416K, 0% used [0x00000000f8680000,0x00000000f8680000,0x0000000100000000)
 ParOldGen       total 334336K, used 224025K [0x00000000a0000000, 0x00000000b4680000, 0x00000000e0000000)
  object space 334336K, 67% used [0x00000000a0000000,0x00000000adac6778,0x00000000b4680000)
 Metaspace       used 93599K, capacity 96570K, committed 96896K, reserved 1132544K
  class space    used 12147K, capacity 12819K, committed 12928K, reserved 1048576K
}
Event: 35.354 GC heap before
{Heap before GC invocations=29 (full 6):
 PSYoungGen      total 385024K, used 385020K [0x00000000e0000000, 0x0000000100000000, 0x0000000100000000)
  eden space 288256K, 100% used [0x00000000e0000000,0x00000000f1980000,0x00000000f1980000)
  from space 96768K, 99% used [0x00000000f1980000,0x00000000f77ff3b8,0x00000000f7800000)
  to   space 124416K, 0% used [0x00000000f8680000,0x00000000f8680000,0x0000000100000000)
 ParOldGen       total 334336K, used 224025K [0x00000000a0000000, 0x00000000b4680000, 0x00000000e0000000)
  object space 334336K, 67% used [0x00000000a0000000,0x00000000adac6778,0x00000000b4680000)
 Metaspace       used 94113K, capacity 97226K, committed 97408K, reserved 1134592K
  class space    used 12210K, capacity 12883K, committed 12928K, reserved 1048576K
Event: 35.629 GC heap after
Heap after GC invocations=29 (full 6):
 PSYoungGen      total 401920K, used 58909K [0x00000000e0000000, 0x0000000100000000, 0x0000000100000000)
  eden space 277504K, 0% used [0x00000000e0000000,0x00000000e0000000,0x00000000f0f00000)
  from space 124416K, 47% used [0x00000000f8680000,0x00000000fc007578,0x0000000100000000)
  to   space 122368K, 0% used [0x00000000f0f00000,0x00000000f0f00000,0x00000000f8680000)
 ParOldGen       total 334336K, used 319986K [0x00000000a0000000, 0x00000000b4680000, 0x00000000e0000000)
  object space 334336K, 95% used [0x00000000a0000000,0x00000000b387c9e0,0x00000000b4680000)
 Metaspace       used 94113K, capacity 97226K, committed 97408K, reserved 1134592K
  class space    used 12210K, capacity 12883K, committed 12928K, reserved 1048576K
}
Event: 35.630 GC heap before
{Heap before GC invocations=30 (full 7):
 PSYoungGen      total 401920K, used 58909K [0x00000000e0000000, 0x0000000100000000, 0x0000000100000000)
  eden space 277504K, 0% used [0x00000000e0000000,0x00000000e0000000,0x00000000f0f00000)
  from space 124416K, 47% used [0x00000000f8680000,0x00000000fc007578,0x0000000100000000)
  to   space 122368K, 0% used [0x00000000f0f00000,0x00000000f0f00000,0x00000000f8680000)
 ParOldGen       total 334336K, used 319986K [0x00000000a0000000, 0x00000000b4680000, 0x00000000e0000000)
  object space 334336K, 95% used [0x00000000a0000000,0x00000000b387c9e0,0x00000000b4680000)
 Metaspace       used 94113K, capacity 97226K, committed 97408K, reserved 1134592K
  class space    used 12210K, capacity 12883K, committed 12928K, reserved 1048576K

