# JRE version: OpenJDK Runtime Environment (8.0_212) (build 1.8.0_212-release-1586-b4-5784211)
# Java VM: OpenJDK 64-Bit Server VM (25.212-b4-5784211 mixed mode linux-amd64 compressed oops)
Heap:
 PSYoungGen      total 349696K, used 20002K [0x00000000e0000000, 0x0000000100000000, 0x0000000100000000)
  eden space 175104K, 0% used [0x00000000e0000000,0x00000000e0000000,0x00000000eab00000)
  from space 174592K, 11% used [0x00000000eab00000,0x00000000ebe88858,0x00000000f5580000)
  to   space 174592K, 0% used [0x00000000f5580000,0x00000000f5580000,0x0000000100000000)
 ParOldGen       total 397824K, used 397484K [0x00000000a0000000, 0x00000000b8480000, 0x00000000e0000000)
  object space 397824K, 99% used [0x00000000a0000000,0x00000000b842b000,0x00000000b8480000)
 Metaspace       used 124843K, capacity 131534K, committed 131840K, reserved 1163264K
  class space    used 15786K, capacity 17096K, committed 17152K, reserved 1048576K
GC Heap History (10 events):
Event: 697.282 GC heap after
Heap after GC invocations=70 (full 8):
 PSYoungGen      total 349696K, used 174582K [0x00000000e0000000, 0x0000000100000000, 0x0000000100000000)
  eden space 175104K, 0% used [0x00000000e0000000,0x00000000e0000000,0x00000000eab00000)
  from space 174592K, 99% used [0x00000000eab00000,0x00000000f557db38,0x00000000f5580000)
  to   space 174592K, 0% used [0x00000000f5580000,0x00000000f5580000,0x0000000100000000)
 ParOldGen       total 397824K, used 250456K [0x00000000a0000000, 0x00000000b8480000, 0x00000000e0000000)
  object space 397824K, 62% used [0x00000000a0000000,0x00000000af496338,0x00000000b8480000)
 Metaspace       used 124841K, capacity 131534K, committed 131840K, reserved 1163264K
  class space    used 15786K, capacity 17096K, committed 17152K, reserved 1048576K
}
Event: 697.575 GC heap before
{Heap before GC invocations=71 (full 8):
 PSYoungGen      total 349696K, used 349686K [0x00000000e0000000, 0x0000000100000000, 0x0000000100000000)
  eden space 175104K, 100% used [0x00000000e0000000,0x00000000eab00000,0x00000000eab00000)
  from space 174592K, 99% used [0x00000000eab00000,0x00000000f557db38,0x00000000f5580000)
  to   space 174592K, 0% used [0x00000000f5580000,0x00000000f5580000,0x0000000100000000)
 ParOldGen       total 397824K, used 250456K [0x00000000a0000000, 0x00000000b8480000, 0x00000000e0000000)
  object space 397824K, 62% used [0x00000000a0000000,0x00000000af496338,0x00000000b8480000)
 Metaspace       used 124841K, capacity 131534K, committed 131840K, reserved 1163264K
  class space    used 15786K, capacity 17096K, committed 17152K, reserved 1048576K
Event: 697.778 GC heap after
Heap after GC invocations=71 (full 8):
 PSYoungGen      total 349696K, used 174586K [0x00000000e0000000, 0x0000000100000000, 0x0000000100000000)
  eden space 175104K, 0% used [0x00000000e0000000,0x00000000e0000000,0x00000000eab00000)
  from space 174592K, 99% used [0x00000000f5580000,0x00000000ffffeaa0,0x0000000100000000)
  to   space 174592K, 0% used [0x00000000eab00000,0x00000000eab00000,0x00000000f5580000)
 ParOldGen       total 397824K, used 258681K [0x00000000a0000000, 0x00000000b8480000, 0x00000000e0000000)
  object space 397824K, 65% used [0x00000000a0000000,0x00000000afc9e568,0x00000000b8480000)
 Metaspace       used 124841K, capacity 131534K, committed 131840K, reserved 1163264K
  class space    used 15786K, capacity 17096K, committed 17152K, reserved 1048576K
}
Event: 698.426 GC heap before
{Heap before GC invocations=72 (full 8):
 PSYoungGen      total 349696K, used 349690K [0x00000000e0000000, 0x0000000100000000, 0x0000000100000000)
  eden space 175104K, 100% used [0x00000000e0000000,0x00000000eab00000,0x00000000eab00000)
  from space 174592K, 99% used [0x00000000f5580000,0x00000000ffffeaa0,0x0000000100000000)
  to   space 174592K, 0% used [0x00000000eab00000,0x00000000eab00000,0x00000000f5580000)
 ParOldGen       total 397824K, used 258681K [0x00000000a0000000, 0x00000000b8480000, 0x00000000e0000000)
  object space 397824K, 65% used [0x00000000a0000000,0x00000000afc9e568,0x00000000b8480000)
 Metaspace       used 124842K, capacity 131534K, committed 131840K, reserved 1163264K
  class space    used 15786K, capacity 17096K, committed 17152K, reserved 1048576K
Event: 698.669 GC heap after
Heap after GC invocations=72 (full 8):
 PSYoungGen      total 349696K, used 174585K [0x00000000e0000000, 0x0000000100000000, 0x0000000100000000)
  eden space 175104K, 0% used [0x00000000e0000000,0x00000000e0000000,0x00000000eab00000)
  from space 174592K, 99% used [0x00000000eab00000,0x00000000f557e610,0x00000000f5580000)
  to   space 174592K, 0% used [0x00000000f5580000,0x00000000f5580000,0x0000000100000000)
 ParOldGen       total 397824K, used 271345K [0x00000000a0000000, 0x00000000b8480000, 0x00000000e0000000)
  object space 397824K, 68% used [0x00000000a0000000,0x00000000b08fc4c8,0x00000000b8480000)
 Metaspace       used 124842K, capacity 131534K, committed 131840K, reserved 1163264K
  class space    used 15786K, capacity 17096K, committed 17152K, reserved 1048576K
}
Event: 700.044 GC heap before
{Heap before GC invocations=73 (full 8):
 PSYoungGen      total 349696K, used 349689K [0x00000000e0000000, 0x0000000100000000, 0x0000000100000000)
  eden space 175104K, 100% used [0x00000000e0000000,0x00000000eab00000,0x00000000eab00000)
  from space 174592K, 99% used [0x00000000eab00000,0x00000000f557e610,0x00000000f5580000)
  to   space 174592K, 0% used [0x00000000f5580000,0x00000000f5580000,0x0000000100000000)
 ParOldGen       total 397824K, used 271345K [0x00000000a0000000, 0x00000000b8480000, 0x00000000e0000000)
  object space 397824K, 68% used [0x00000000a0000000,0x00000000b08fc4c8,0x00000000b8480000)
 Metaspace       used 124843K, capacity 131534K, committed 131840K, reserved 1163264K
  class space    used 15786K, capacity 17096K, committed 17152K, reserved 1048576K
Event: 701.255 GC heap after
Heap after GC invocations=73 (full 8):
 PSYoungGen      total 349696K, used 174571K [0x00000000e0000000, 0x0000000100000000, 0x0000000100000000)
  eden space 175104K, 0% used [0x00000000e0000000,0x00000000e0000000,0x00000000eab00000)
  from space 174592K, 99% used [0x00000000f5580000,0x00000000ffffaca0,0x0000000100000000)
  to   space 174592K, 0% used [0x00000000eab00000,0x00000000eab00000,0x00000000f5580000)
 ParOldGen       total 397824K, used 304161K [0x00000000a0000000, 0x00000000b8480000, 0x00000000e0000000)
  object space 397824K, 76% used [0x00000000a0000000,0x00000000b2908688,0x00000000b8480000)
 Metaspace       used 124843K, capacity 131534K, committed 131840K, reserved 1163264K
  class space    used 15786K, capacity 17096K, committed 17152K, reserved 1048576K
}
Event: 701.829 GC heap before
{Heap before GC invocations=74 (full 8):
 PSYoungGen      total 349696K, used 349675K [0x00000000e0000000, 0x0000000100000000, 0x0000000100000000)
  eden space 175104K, 100% used [0x00000000e0000000,0x00000000eab00000,0x00000000eab00000)
  from space 174592K, 99% used [0x00000000f5580000,0x00000000ffffaca0,0x0000000100000000)
  to   space 174592K, 0% used [0x00000000eab00000,0x00000000eab00000,0x00000000f5580000)
 ParOldGen       total 397824K, used 304161K [0x00000000a0000000, 0x00000000b8480000, 0x00000000e0000000)
  object space 397824K, 76% used [0x00000000a0000000,0x00000000b2908688,0x00000000b8480000)
 Metaspace       used 124843K, capacity 131534K, committed 131840K, reserved 1163264K
  class space    used 15786K, capacity 17096K, committed 17152K, reserved 1048576K
Event: 702.208 GC heap after
Heap after GC invocations=74 (full 8):
 PSYoungGen      total 349696K, used 148688K [0x00000000e0000000, 0x0000000100000000, 0x0000000100000000)
  eden space 175104K, 0% used [0x00000000e0000000,0x00000000e0000000,0x00000000eab00000)
  from space 174592K, 85% used [0x00000000eab00000,0x00000000f3c34040,0x00000000f5580000)
  to   space 174592K, 0% used [0x00000000f5580000,0x00000000f5580000,0x0000000100000000)
 ParOldGen       total 397824K, used 361565K [0x00000000a0000000, 0x00000000b8480000, 0x00000000e0000000)
  object space 397824K, 90% used [0x00000000a0000000,0x00000000b61174e0,0x00000000b8480000)
 Metaspace       used 124843K, capacity 131534K, committed 131840K, reserved 1163264K
  class space    used 15786K, capacity 17096K, committed 17152K, reserved 1048576K
}
Event: 702.208 GC heap before
{Heap before GC invocations=75 (full 9):
 PSYoungGen      total 349696K, used 148688K [0x00000000e0000000, 0x0000000100000000, 0x0000000100000000)
  eden space 175104K, 0% used [0x00000000e0000000,0x00000000e0000000,0x00000000eab00000)
  from space 174592K, 85% used [0x00000000eab00000,0x00000000f3c34040,0x00000000f5580000)
  to   space 174592K, 0% used [0x00000000f5580000,0x00000000f5580000,0x0000000100000000)
 ParOldGen       total 397824K, used 361565K [0x00000000a0000000, 0x00000000b8480000, 0x00000000e0000000)
  object space 397824K, 90% used [0x00000000a0000000,0x00000000b61174e0,0x00000000b8480000)
 Metaspace       used 124843K, capacity 131534K, committed 131840K, reserved 1163264K
  class space    used 15786K, capacity 17096K, committed 17152K, reserved 1048576K

