# JRE version: OpenJDK Runtime Environment (8.0_212) (build 1.8.0_212-release-1586-b4-5784211)
# Java VM: OpenJDK 64-Bit Server VM (25.212-b4-5784211 mixed mode linux-amd64 compressed oops)
Heap:
 PSYoungGen      total 349696K, used 0K [0x00000000e0000000, 0x0000000100000000, 0x0000000100000000)
  eden space 175104K, 0% used [0x00000000e0000000,0x00000000e0000000,0x00000000eab00000)
  from space 174592K, 0% used [0x00000000eab00000,0x00000000eab00000,0x00000000f5580000)
  to   space 174592K, 0% used [0x00000000f5580000,0x00000000f5580000,0x0000000100000000)
 ParOldGen       total 586240K, used 353068K [0x00000000a0000000, 0x00000000c3c80000, 0x00000000e0000000)
  object space 586240K, 60% used [0x00000000a0000000,0x00000000b58cb060,0x00000000c3c80000)
 Metaspace       used 129437K, capacity 136674K, committed 143232K, reserved 1175552K
  class space    used 15966K, capacity 17239K, committed 18048K, reserved 1048576K
GC Heap History (10 events):
Event: 6711.133 GC heap after
Heap after GC invocations=301 (full 16):
 PSYoungGen      total 349696K, used 169245K [0x00000000e0000000, 0x0000000100000000, 0x0000000100000000)
  eden space 175104K, 0% used [0x00000000e0000000,0x00000000e0000000,0x00000000eab00000)
  from space 174592K, 96% used [0x00000000eab00000,0x00000000f5047518,0x00000000f5580000)
  to   space 174592K, 0% used [0x00000000f5580000,0x00000000f5580000,0x0000000100000000)
 ParOldGen       total 586240K, used 376561K [0x00000000a0000000, 0x00000000c3c80000, 0x00000000e0000000)
  object space 586240K, 64% used [0x00000000a0000000,0x00000000b6fbc4a0,0x00000000c3c80000)
 Metaspace       used 135399K, capacity 142850K, committed 143232K, reserved 1175552K
  class space    used 16616K, capacity 17941K, committed 18048K, reserved 1048576K
}
Event: 6711.357 GC heap before
{Heap before GC invocations=302 (full 16):
 PSYoungGen      total 349696K, used 344349K [0x00000000e0000000, 0x0000000100000000, 0x0000000100000000)
  eden space 175104K, 100% used [0x00000000e0000000,0x00000000eab00000,0x00000000eab00000)
  from space 174592K, 96% used [0x00000000eab00000,0x00000000f5047518,0x00000000f5580000)
  to   space 174592K, 0% used [0x00000000f5580000,0x00000000f5580000,0x0000000100000000)
 ParOldGen       total 586240K, used 376561K [0x00000000a0000000, 0x00000000c3c80000, 0x00000000e0000000)
  object space 586240K, 64% used [0x00000000a0000000,0x00000000b6fbc4a0,0x00000000c3c80000)
 Metaspace       used 135399K, capacity 142850K, committed 143232K, reserved 1175552K
  class space    used 16616K, capacity 17941K, committed 18048K, reserved 1048576K
Event: 6712.627 GC heap after
Heap after GC invocations=302 (full 16):
 PSYoungGen      total 349696K, used 174584K [0x00000000e0000000, 0x0000000100000000, 0x0000000100000000)
  eden space 175104K, 0% used [0x00000000e0000000,0x00000000e0000000,0x00000000eab00000)
  from space 174592K, 99% used [0x00000000f5580000,0x00000000ffffe380,0x0000000100000000)
  to   space 174592K, 0% used [0x00000000eab00000,0x00000000eab00000,0x00000000f5580000)
 ParOldGen       total 586240K, used 413483K [0x00000000a0000000, 0x00000000c3c80000, 0x00000000e0000000)
  object space 586240K, 70% used [0x00000000a0000000,0x00000000b93caf18,0x00000000c3c80000)
 Metaspace       used 135399K, capacity 142850K, committed 143232K, reserved 1175552K
  class space    used 16616K, capacity 17941K, committed 18048K, reserved 1048576K
}
Event: 6713.753 GC heap before
{Heap before GC invocations=303 (full 16):
 PSYoungGen      total 349696K, used 349688K [0x00000000e0000000, 0x0000000100000000, 0x0000000100000000)
  eden space 175104K, 100% used [0x00000000e0000000,0x00000000eab00000,0x00000000eab00000)
  from space 174592K, 99% used [0x00000000f5580000,0x00000000ffffe380,0x0000000100000000)
  to   space 174592K, 0% used [0x00000000eab00000,0x00000000eab00000,0x00000000f5580000)
 ParOldGen       total 586240K, used 413483K [0x00000000a0000000, 0x00000000c3c80000, 0x00000000e0000000)
  object space 586240K, 70% used [0x00000000a0000000,0x00000000b93caf18,0x00000000c3c80000)
 Metaspace       used 135399K, capacity 142850K, committed 143232K, reserved 1175552K
  class space    used 16616K, capacity 17941K, committed 18048K, reserved 1048576K
Event: 6715.317 GC heap after
Heap after GC invocations=303 (full 16):
 PSYoungGen      total 349696K, used 169910K [0x00000000e0000000, 0x0000000100000000, 0x0000000100000000)
  eden space 175104K, 0% used [0x00000000e0000000,0x00000000e0000000,0x00000000eab00000)
  from space 174592K, 97% used [0x00000000eab00000,0x00000000f50edad0,0x00000000f5580000)
  to   space 174592K, 0% used [0x00000000f5580000,0x00000000f5580000,0x0000000100000000)
 ParOldGen       total 586240K, used 459507K [0x00000000a0000000, 0x00000000c3c80000, 0x00000000e0000000)
  object space 586240K, 78% used [0x00000000a0000000,0x00000000bc0bcf40,0x00000000c3c80000)
 Metaspace       used 135399K, capacity 142850K, committed 143232K, reserved 1175552K
  class space    used 16616K, capacity 17941K, committed 18048K, reserved 1048576K
}
Event: 6720.677 GC heap before
{Heap before GC invocations=304 (full 16):
 PSYoungGen      total 349696K, used 345014K [0x00000000e0000000, 0x0000000100000000, 0x0000000100000000)
  eden space 175104K, 100% used [0x00000000e0000000,0x00000000eab00000,0x00000000eab00000)
  from space 174592K, 97% used [0x00000000eab00000,0x00000000f50edad0,0x00000000f5580000)
  to   space 174592K, 0% used [0x00000000f5580000,0x00000000f5580000,0x0000000100000000)
 ParOldGen       total 586240K, used 459507K [0x00000000a0000000, 0x00000000c3c80000, 0x00000000e0000000)
  object space 586240K, 78% used [0x00000000a0000000,0x00000000bc0bcf40,0x00000000c3c80000)
 Metaspace       used 135399K, capacity 142850K, committed 143232K, reserved 1175552K
  class space    used 16616K, capacity 17941K, committed 18048K, reserved 1048576K
Event: 6722.097 GC heap after
Heap after GC invocations=304 (full 16):
 PSYoungGen      total 349696K, used 161536K [0x00000000e0000000, 0x0000000100000000, 0x0000000100000000)
  eden space 175104K, 0% used [0x00000000e0000000,0x00000000e0000000,0x00000000eab00000)
  from space 174592K, 92% used [0x00000000f5580000,0x00000000ff3401c0,0x0000000100000000)
  to   space 174592K, 0% used [0x00000000eab00000,0x00000000eab00000,0x00000000f5580000)
 ParOldGen       total 586240K, used 504750K [0x00000000a0000000, 0x00000000c3c80000, 0x00000000e0000000)
  object space 586240K, 86% used [0x00000000a0000000,0x00000000becebad0,0x00000000c3c80000)
 Metaspace       used 135399K, capacity 142850K, committed 143232K, reserved 1175552K
  class space    used 16616K, capacity 17941K, committed 18048K, reserved 1048576K
}
Event: 6722.943 GC heap before
{Heap before GC invocations=305 (full 16):
 PSYoungGen      total 349696K, used 336640K [0x00000000e0000000, 0x0000000100000000, 0x0000000100000000)
  eden space 175104K, 100% used [0x00000000e0000000,0x00000000eab00000,0x00000000eab00000)
  from space 174592K, 92% used [0x00000000f5580000,0x00000000ff3401c0,0x0000000100000000)
  to   space 174592K, 0% used [0x00000000eab00000,0x00000000eab00000,0x00000000f5580000)
 ParOldGen       total 586240K, used 504750K [0x00000000a0000000, 0x00000000c3c80000, 0x00000000e0000000)
  object space 586240K, 86% used [0x00000000a0000000,0x00000000becebad0,0x00000000c3c80000)
 Metaspace       used 135399K, capacity 142850K, committed 143232K, reserved 1175552K
  class space    used 16616K, capacity 17941K, committed 18048K, reserved 1048576K
Event: 6724.720 GC heap after
Heap after GC invocations=305 (full 16):
 PSYoungGen      total 349696K, used 89333K [0x00000000e0000000, 0x0000000100000000, 0x0000000100000000)
  eden space 175104K, 0% used [0x00000000e0000000,0x00000000e0000000,0x00000000eab00000)
  from space 174592K, 51% used [0x00000000eab00000,0x00000000f023d570,0x00000000f5580000)
  to   space 174592K, 0% used [0x00000000f5580000,0x00000000f5580000,0x0000000100000000)
 ParOldGen       total 586240K, used 584648K [0x00000000a0000000, 0x00000000c3c80000, 0x00000000e0000000)
  object space 586240K, 99% used [0x00000000a0000000,0x00000000c3af2270,0x00000000c3c80000)
 Metaspace       used 135399K, capacity 142850K, committed 143232K, reserved 1175552K
  class space    used 16616K, capacity 17941K, committed 18048K, reserved 1048576K
}
Event: 6724.723 GC heap before
{Heap before GC invocations=306 (full 17):
 PSYoungGen      total 349696K, used 89333K [0x00000000e0000000, 0x0000000100000000, 0x0000000100000000)
  eden space 175104K, 0% used [0x00000000e0000000,0x00000000e0000000,0x00000000eab00000)
  from space 174592K, 51% used [0x00000000eab00000,0x00000000f023d570,0x00000000f5580000)
  to   space 174592K, 0% used [0x00000000f5580000,0x00000000f5580000,0x0000000100000000)
 ParOldGen       total 586240K, used 584648K [0x00000000a0000000, 0x00000000c3c80000, 0x00000000e0000000)
  object space 586240K, 99% used [0x00000000a0000000,0x00000000c3af2270,0x00000000c3c80000)
 Metaspace       used 135399K, capacity 142850K, committed 143232K, reserved 1175552K
  class space    used 16616K, capacity 17941K, committed 18048K, reserved 1048576K

