# JRE version: OpenJDK Runtime Environment (8.0_212) (build 1.8.0_212-release-1586-b4-5784211)
# Java VM: OpenJDK 64-Bit Server VM (25.212-b4-5784211 mixed mode linux-amd64 compressed oops)
Heap:
 PSYoungGen      total 349696K, used 0K [0x00000000e0000000, 0x0000000100000000, 0x0000000100000000)
  eden space 175104K, 0% used [0x00000000e0000000,0x00000000e0000000,0x00000000eab00000)
  from space 174592K, 0% used [0x00000000eab00000,0x00000000eab00000,0x00000000f5580000)
  to   space 174592K, 0% used [0x00000000f5580000,0x00000000f5580000,0x0000000100000000)
 ParOldGen       total 412160K, used 334043K [0x00000000a0000000, 0x00000000b9280000, 0x00000000e0000000)
  object space 412160K, 81% used [0x00000000a0000000,0x00000000b4636e50,0x00000000b9280000)
 Metaspace       used 155403K, capacity 163212K, committed 163864K, reserved 1191936K
  class space    used 19025K, capacity 20539K, committed 20776K, reserved 1048576K
GC Heap History (10 events):
Event: 1748.699 GC heap after
Heap after GC invocations=76 (full 9):
 PSYoungGen      total 370688K, used 153584K [0x00000000e0000000, 0x0000000100000000, 0x0000000100000000)
  eden space 217088K, 0% used [0x00000000e0000000,0x00000000e0000000,0x00000000ed400000)
  from space 153600K, 99% used [0x00000000ed400000,0x00000000f69fc230,0x00000000f6a00000)
  to   space 153600K, 0% used [0x00000000f6a00000,0x00000000f6a00000,0x0000000100000000)
 ParOldGen       total 412160K, used 248987K [0x00000000a0000000, 0x00000000b9280000, 0x00000000e0000000)
  object space 412160K, 60% used [0x00000000a0000000,0x00000000af326f98,0x00000000b9280000)
 Metaspace       used 155583K, capacity 163642K, committed 163864K, reserved 1191936K
  class space    used 19079K, capacity 20674K, committed 20776K, reserved 1048576K
}
Event: 1749.194 GC heap before
{Heap before GC invocations=77 (full 9):
 PSYoungGen      total 370688K, used 370672K [0x00000000e0000000, 0x0000000100000000, 0x0000000100000000)
  eden space 217088K, 100% used [0x00000000e0000000,0x00000000ed400000,0x00000000ed400000)
  from space 153600K, 99% used [0x00000000ed400000,0x00000000f69fc230,0x00000000f6a00000)
  to   space 153600K, 0% used [0x00000000f6a00000,0x00000000f6a00000,0x0000000100000000)
 ParOldGen       total 412160K, used 248987K [0x00000000a0000000, 0x00000000b9280000, 0x00000000e0000000)
  object space 412160K, 60% used [0x00000000a0000000,0x00000000af326f98,0x00000000b9280000)
 Metaspace       used 155649K, capacity 163706K, committed 163864K, reserved 1191936K
  class space    used 19079K, capacity 20674K, committed 20776K, reserved 1048576K
Event: 1750.098 GC heap after
Heap after GC invocations=77 (full 9):
 PSYoungGen      total 328704K, used 153586K [0x00000000e0000000, 0x0000000100000000, 0x0000000100000000)
  eden space 175104K, 0% used [0x00000000e0000000,0x00000000e0000000,0x00000000eab00000)
  from space 153600K, 99% used [0x00000000f6a00000,0x00000000ffffca80,0x0000000100000000)
  to   space 174592K, 0% used [0x00000000eab00000,0x00000000eab00000,0x00000000f5580000)
 ParOldGen       total 412160K, used 286546K [0x00000000a0000000, 0x00000000b9280000, 0x00000000e0000000)
  object space 412160K, 69% used [0x00000000a0000000,0x00000000b17d4848,0x00000000b9280000)
 Metaspace       used 155649K, capacity 163706K, committed 163864K, reserved 1191936K
  class space    used 19079K, capacity 20674K, committed 20776K, reserved 1048576K
}
Event: 1750.491 GC heap before
{Heap before GC invocations=78 (full 9):
 PSYoungGen      total 328704K, used 328690K [0x00000000e0000000, 0x0000000100000000, 0x0000000100000000)
  eden space 175104K, 100% used [0x00000000e0000000,0x00000000eab00000,0x00000000eab00000)
  from space 153600K, 99% used [0x00000000f6a00000,0x00000000ffffca80,0x0000000100000000)
  to   space 174592K, 0% used [0x00000000eab00000,0x00000000eab00000,0x00000000f5580000)
 ParOldGen       total 412160K, used 286546K [0x00000000a0000000, 0x00000000b9280000, 0x00000000e0000000)
  object space 412160K, 69% used [0x00000000a0000000,0x00000000b17d4848,0x00000000b9280000)
 Metaspace       used 155649K, capacity 163706K, committed 163864K, reserved 1191936K
  class space    used 19079K, capacity 20674K, committed 20776K, reserved 1048576K
Event: 1750.841 GC heap after
Heap after GC invocations=78 (full 9):
 PSYoungGen      total 349696K, used 174577K [0x00000000e0000000, 0x0000000100000000, 0x0000000100000000)
  eden space 175104K, 0% used [0x00000000e0000000,0x00000000e0000000,0x00000000eab00000)
  from space 174592K, 99% used [0x00000000eab00000,0x00000000f557c788,0x00000000f5580000)
  to   space 174592K, 0% used [0x00000000f5580000,0x00000000f5580000,0x0000000100000000)
 ParOldGen       total 412160K, used 305220K [0x00000000a0000000, 0x00000000b9280000, 0x00000000e0000000)
  object space 412160K, 74% used [0x00000000a0000000,0x00000000b2a111f8,0x00000000b9280000)
 Metaspace       used 155649K, capacity 163706K, committed 163864K, reserved 1191936K
  class space    used 19079K, capacity 20674K, committed 20776K, reserved 1048576K
}
Event: 1751.112 GC heap before
{Heap before GC invocations=79 (full 9):
 PSYoungGen      total 349696K, used 349681K [0x00000000e0000000, 0x0000000100000000, 0x0000000100000000)
  eden space 175104K, 100% used [0x00000000e0000000,0x00000000eab00000,0x00000000eab00000)
  from space 174592K, 99% used [0x00000000eab00000,0x00000000f557c788,0x00000000f5580000)
  to   space 174592K, 0% used [0x00000000f5580000,0x00000000f5580000,0x0000000100000000)
 ParOldGen       total 412160K, used 305220K [0x00000000a0000000, 0x00000000b9280000, 0x00000000e0000000)
  object space 412160K, 74% used [0x00000000a0000000,0x00000000b2a111f8,0x00000000b9280000)
 Metaspace       used 155650K, capacity 163706K, committed 163864K, reserved 1191936K
  class space    used 19079K, capacity 20674K, committed 20776K, reserved 1048576K
Event: 1751.794 GC heap after
Heap after GC invocations=79 (full 9):
 PSYoungGen      total 349696K, used 174580K [0x00000000e0000000, 0x0000000100000000, 0x0000000100000000)
  eden space 175104K, 0% used [0x00000000e0000000,0x00000000e0000000,0x00000000eab00000)
  from space 174592K, 99% used [0x00000000f5580000,0x00000000ffffd3a8,0x0000000100000000)
  to   space 174592K, 0% used [0x00000000eab00000,0x00000000eab00000,0x00000000f5580000)
 ParOldGen       total 412160K, used 346238K [0x00000000a0000000, 0x00000000b9280000, 0x00000000e0000000)
  object space 412160K, 84% used [0x00000000a0000000,0x00000000b521fb80,0x00000000b9280000)
 Metaspace       used 155650K, capacity 163706K, committed 163864K, reserved 1191936K
  class space    used 19079K, capacity 20674K, committed 20776K, reserved 1048576K
}
Event: 1753.936 GC heap before
{Heap before GC invocations=80 (full 9):
 PSYoungGen      total 349696K, used 349684K [0x00000000e0000000, 0x0000000100000000, 0x0000000100000000)
  eden space 175104K, 100% used [0x00000000e0000000,0x00000000eab00000,0x00000000eab00000)
  from space 174592K, 99% used [0x00000000f5580000,0x00000000ffffd3a8,0x0000000100000000)
  to   space 174592K, 0% used [0x00000000eab00000,0x00000000eab00000,0x00000000f5580000)
 ParOldGen       total 412160K, used 346238K [0x00000000a0000000, 0x00000000b9280000, 0x00000000e0000000)
  object space 412160K, 84% used [0x00000000a0000000,0x00000000b521fb80,0x00000000b9280000)
 Metaspace       used 155651K, capacity 163706K, committed 163864K, reserved 1191936K
  class space    used 19079K, capacity 20674K, committed 20776K, reserved 1048576K
Event: 1754.418 GC heap after
Heap after GC invocations=80 (full 9):
 PSYoungGen      total 349696K, used 174590K [0x00000000e0000000, 0x0000000100000000, 0x0000000100000000)
  eden space 175104K, 0% used [0x00000000e0000000,0x00000000e0000000,0x00000000eab00000)
  from space 174592K, 99% used [0x00000000eab00000,0x00000000f557f9d0,0x00000000f5580000)
  to   space 174592K, 0% used [0x00000000f5580000,0x00000000f5580000,0x0000000100000000)
 ParOldGen       total 412160K, used 387728K [0x00000000a0000000, 0x00000000b9280000, 0x00000000e0000000)
  object space 412160K, 94% used [0x00000000a0000000,0x00000000b7aa4390,0x00000000b9280000)
 Metaspace       used 155651K, capacity 163706K, committed 163864K, reserved 1191936K
  class space    used 19079K, capacity 20674K, committed 20776K, reserved 1048576K
}
Event: 1754.423 GC heap before
{Heap before GC invocations=81 (full 10):
 PSYoungGen      total 349696K, used 174590K [0x00000000e0000000, 0x0000000100000000, 0x0000000100000000)
  eden space 175104K, 0% used [0x00000000e0000000,0x00000000e0000000,0x00000000eab00000)
  from space 174592K, 99% used [0x00000000eab00000,0x00000000f557f9d0,0x00000000f5580000)
  to   space 174592K, 0% used [0x00000000f5580000,0x00000000f5580000,0x0000000100000000)
 ParOldGen       total 412160K, used 387728K [0x00000000a0000000, 0x00000000b9280000, 0x00000000e0000000)
  object space 412160K, 94% used [0x00000000a0000000,0x00000000b7aa4390,0x00000000b9280000)
 Metaspace       used 155651K, capacity 163706K, committed 163864K, reserved 1191936K
  class space    used 19079K, capacity 20674K, committed 20776K, reserved 1048576K

